TN:
SF:dia\app\app.component.ts
FN:15,(anonymous_0)
FN:21,(anonymous_1)
FN:27,(anonymous_2)
FNF:3
FNH:3
FNDA:2,(anonymous_0)
FNDA:2,(anonymous_1)
FNDA:2,(anonymous_2)
DA:14,1
DA:16,2
DA:17,2
DA:18,2
DA:22,2
DA:23,2
DA:24,2
DA:28,2
DA:29,2
LF:9
LH:9
BRF:0
BRH:0
end_of_record
TN:
SF:dia\app\dia-ng-deep\dia-ng-deep.component.ts
FNF:0
FNH:0
DA:9,1
LF:1
LH:1
BRF:0
BRH:0
end_of_record
TN:
SF:dia\app\models\object-framework\dia-object-framework-implementation.service.ts
FN:8,(anonymous_0)
FN:26,(anonymous_1)
FN:30,(anonymous_2)
FNF:3
FNH:1
FNDA:12,(anonymous_0)
FNDA:0,(anonymous_1)
FNDA:0,(anonymous_2)
DA:7,1
DA:13,12
DA:14,12
DA:20,12
DA:27,0
DA:31,0
LF:6
LH:4
BRF:0
BRH:0
end_of_record
TN:
SF:dia\app\models\object-framework\analytic-algorithms\AnalyticAlgorithmsObjectManagementPackage.ts
FN:29,(anonymous_0)
FN:33,(anonymous_1)
FN:39,(anonymous_2)
FN:43,(anonymous_3)
FN:47,(anonymous_4)
FN:51,(anonymous_5)
FN:55,(anonymous_6)
FN:59,(anonymous_7)
FN:63,(anonymous_8)
FN:67,(anonymous_9)
FN:71,(anonymous_10)
FN:75,(anonymous_11)
FN:79,(anonymous_12)
FN:83,(anonymous_13)
FN:87,(anonymous_14)
FN:91,(anonymous_15)
FN:95,(anonymous_16)
FN:99,(anonymous_17)
FN:103,(anonymous_18)
FN:107,(anonymous_19)
FN:111,(anonymous_20)
FN:115,(anonymous_21)
FN:119,(anonymous_22)
FN:123,(anonymous_23)
FN:127,(anonymous_24)
FN:131,(anonymous_25)
FN:135,(anonymous_26)
FN:139,(anonymous_27)
FN:143,(anonymous_28)
FN:147,(anonymous_29)
FN:151,(anonymous_30)
FN:155,(anonymous_31)
FNF:32
FNH:0
FNDA:0,(anonymous_0)
FNDA:0,(anonymous_1)
FNDA:0,(anonymous_2)
FNDA:0,(anonymous_3)
FNDA:0,(anonymous_4)
FNDA:0,(anonymous_5)
FNDA:0,(anonymous_6)
FNDA:0,(anonymous_7)
FNDA:0,(anonymous_8)
FNDA:0,(anonymous_9)
FNDA:0,(anonymous_10)
FNDA:0,(anonymous_11)
FNDA:0,(anonymous_12)
FNDA:0,(anonymous_13)
FNDA:0,(anonymous_14)
FNDA:0,(anonymous_15)
FNDA:0,(anonymous_16)
FNDA:0,(anonymous_17)
FNDA:0,(anonymous_18)
FNDA:0,(anonymous_19)
FNDA:0,(anonymous_20)
FNDA:0,(anonymous_21)
FNDA:0,(anonymous_22)
FNDA:0,(anonymous_23)
FNDA:0,(anonymous_24)
FNDA:0,(anonymous_25)
FNDA:0,(anonymous_26)
FNDA:0,(anonymous_27)
FNDA:0,(anonymous_28)
FNDA:0,(anonymous_29)
FNDA:0,(anonymous_30)
FNDA:0,(anonymous_31)
DA:30,0
DA:36,0
DA:40,0
DA:44,0
DA:48,0
DA:52,0
DA:56,0
DA:60,0
DA:64,0
DA:68,0
DA:72,0
DA:76,0
DA:80,0
DA:84,0
DA:88,0
DA:92,0
DA:96,0
DA:100,0
DA:104,0
DA:108,0
DA:112,0
DA:116,0
DA:120,0
DA:124,0
DA:128,0
DA:132,0
DA:136,0
DA:140,0
DA:144,0
DA:148,0
DA:152,0
DA:156,0
LF:32
LH:0
BRF:0
BRH:0
end_of_record
TN:
SF:dia\app\models\object-framework\analytic-algorithms\analytic-algorithms-object-framework.service.ts
FN:9,(anonymous_0)
FNF:1
FNH:0
FNDA:0,(anonymous_0)
DA:7,0
DA:10,0
LF:2
LH:0
BRF:0
BRH:0
end_of_record
TN:
SF:dia\app\models\object-framework\analytic-algorithms\engine-contract\AnalyticAlgorithmContent.ts
FN:15,(anonymous_0)
FNF:1
FNH:1
FNDA:2,(anonymous_0)
DA:16,2
DA:17,2
DA:18,2
DA:19,2
DA:20,2
DA:21,2
LF:6
LH:6
BRF:0
BRH:0
end_of_record
TN:
SF:dia\app\models\object-framework\analytic-algorithms\engine-contract\AnalyticAlgorithmExtraMetadata.ts
FN:11,(anonymous_0)
FNF:1
FNH:1
FNDA:2,(anonymous_0)
DA:12,2
DA:13,2
DA:14,2
LF:3
LH:3
BRF:0
BRH:0
end_of_record
TN:
SF:dia\app\models\object-framework\analytic-algorithms\engine-contract\AnalyticAlgorithmObjectModel.ts
FN:19,(anonymous_0)
FNF:1
FNH:1
FNDA:4,(anonymous_0)
DA:20,4
DA:21,4
DA:22,4
DA:23,4
DA:24,4
DA:27,4
DA:30,4
DA:35,4
LF:8
LH:8
BRF:0
BRH:0
end_of_record
TN:
SF:dia\app\models\object-framework\code-file\CodeFileObjectManagementPackage.ts
FN:29,(anonymous_0)
FN:33,(anonymous_1)
FN:39,(anonymous_2)
FN:43,(anonymous_3)
FN:47,(anonymous_4)
FN:51,(anonymous_5)
FN:55,(anonymous_6)
FN:59,(anonymous_7)
FN:63,(anonymous_8)
FN:67,(anonymous_9)
FN:71,(anonymous_10)
FN:75,(anonymous_11)
FN:79,(anonymous_12)
FN:83,(anonymous_13)
FN:87,(anonymous_14)
FN:91,(anonymous_15)
FN:95,(anonymous_16)
FN:99,(anonymous_17)
FN:103,(anonymous_18)
FN:107,(anonymous_19)
FN:111,(anonymous_20)
FN:115,(anonymous_21)
FN:119,(anonymous_22)
FN:123,(anonymous_23)
FN:127,(anonymous_24)
FN:131,(anonymous_25)
FN:135,(anonymous_26)
FN:139,(anonymous_27)
FN:143,(anonymous_28)
FN:149,(anonymous_29)
FN:153,(anonymous_30)
FN:157,(anonymous_31)
FNF:32
FNH:1
FNDA:1,(anonymous_0)
FNDA:0,(anonymous_1)
FNDA:0,(anonymous_2)
FNDA:0,(anonymous_3)
FNDA:0,(anonymous_4)
FNDA:0,(anonymous_5)
FNDA:0,(anonymous_6)
FNDA:0,(anonymous_7)
FNDA:0,(anonymous_8)
FNDA:0,(anonymous_9)
FNDA:0,(anonymous_10)
FNDA:0,(anonymous_11)
FNDA:0,(anonymous_12)
FNDA:0,(anonymous_13)
FNDA:0,(anonymous_14)
FNDA:0,(anonymous_15)
FNDA:0,(anonymous_16)
FNDA:0,(anonymous_17)
FNDA:0,(anonymous_18)
FNDA:0,(anonymous_19)
FNDA:0,(anonymous_20)
FNDA:0,(anonymous_21)
FNDA:0,(anonymous_22)
FNDA:0,(anonymous_23)
FNDA:0,(anonymous_24)
FNDA:0,(anonymous_25)
FNDA:0,(anonymous_26)
FNDA:0,(anonymous_27)
FNDA:0,(anonymous_28)
FNDA:0,(anonymous_29)
FNDA:0,(anonymous_30)
FNDA:0,(anonymous_31)
DA:30,1
DA:36,0
DA:40,0
DA:44,0
DA:48,0
DA:52,0
DA:56,0
DA:60,0
DA:64,0
DA:68,0
DA:72,0
DA:76,0
DA:80,0
DA:84,0
DA:88,0
DA:92,0
DA:96,0
DA:100,0
DA:104,0
DA:108,0
DA:112,0
DA:116,0
DA:120,0
DA:124,0
DA:128,0
DA:132,0
DA:136,0
DA:140,0
DA:146,0
DA:150,0
DA:154,0
DA:158,0
LF:32
LH:1
BRF:0
BRH:0
end_of_record
TN:
SF:dia\app\models\object-framework\code-file\code-file-object-framework.service.ts
FN:9,(anonymous_0)
FNF:1
FNH:1
FNDA:9,(anonymous_0)
DA:7,9
DA:10,9
LF:2
LH:2
BRF:0
BRH:0
end_of_record
TN:
SF:dia\app\models\object-framework\code-file\engine-contract\code-file-content.ts
FN:15,(anonymous_0)
FNF:1
FNH:1
FNDA:1,(anonymous_0)
DA:16,1
DA:17,1
DA:18,1
DA:19,1
DA:20,1
DA:21,1
LF:6
LH:6
BRF:0
BRH:0
end_of_record
TN:
SF:dia\app\models\object-framework\code-file\enums\ExecutiveType.enum.ts
FN:1,(anonymous_0)
FNF:1
FNH:1
FNDA:1,(anonymous_0)
DA:1,1
DA:2,1
DA:3,1
DA:4,1
DA:5,1
DA:6,1
LF:6
LH:6
BRDA:1,0,0,1
BRDA:1,0,1,1
BRF:2
BRH:2
end_of_record
TN:
SF:dia\app\models\object-framework\code-file\models\code-file-extra-metadata.ts
FN:10,(anonymous_0)
FNF:1
FNH:1
FNDA:1,(anonymous_0)
DA:11,1
DA:12,1
DA:13,1
LF:3
LH:3
BRF:0
BRH:0
end_of_record
TN:
SF:dia\app\models\object-framework\code-file\models\code-file-object-model.ts
FN:15,(anonymous_0)
FNF:1
FNH:1
FNDA:40,(anonymous_0)
DA:16,40
DA:18,40
DA:19,40
DA:20,40
DA:21,40
DA:36,40
DA:37,40
DA:38,40
DA:40,40
LF:9
LH:9
BRDA:15,0,0,39
BRF:1
BRH:1
end_of_record
TN:
SF:dia\app\models\object-framework\database\DatabaseObjectManagementPackage.ts
FN:29,(anonymous_0)
FN:33,(anonymous_1)
FN:39,(anonymous_2)
FN:43,(anonymous_3)
FN:47,(anonymous_4)
FN:51,(anonymous_5)
FN:55,(anonymous_6)
FN:59,(anonymous_7)
FN:63,(anonymous_8)
FN:67,(anonymous_9)
FN:71,(anonymous_10)
FN:75,(anonymous_11)
FN:79,(anonymous_12)
FN:83,(anonymous_13)
FN:87,(anonymous_14)
FN:91,(anonymous_15)
FN:95,(anonymous_16)
FN:99,(anonymous_17)
FN:103,(anonymous_18)
FN:107,(anonymous_19)
FN:111,(anonymous_20)
FN:115,(anonymous_21)
FN:119,(anonymous_22)
FN:123,(anonymous_23)
FN:127,(anonymous_24)
FN:131,(anonymous_25)
FN:135,(anonymous_26)
FN:139,(anonymous_27)
FN:143,(anonymous_28)
FN:149,(anonymous_29)
FN:153,(anonymous_30)
FN:157,(anonymous_31)
FNF:32
FNH:0
FNDA:0,(anonymous_0)
FNDA:0,(anonymous_1)
FNDA:0,(anonymous_2)
FNDA:0,(anonymous_3)
FNDA:0,(anonymous_4)
FNDA:0,(anonymous_5)
FNDA:0,(anonymous_6)
FNDA:0,(anonymous_7)
FNDA:0,(anonymous_8)
FNDA:0,(anonymous_9)
FNDA:0,(anonymous_10)
FNDA:0,(anonymous_11)
FNDA:0,(anonymous_12)
FNDA:0,(anonymous_13)
FNDA:0,(anonymous_14)
FNDA:0,(anonymous_15)
FNDA:0,(anonymous_16)
FNDA:0,(anonymous_17)
FNDA:0,(anonymous_18)
FNDA:0,(anonymous_19)
FNDA:0,(anonymous_20)
FNDA:0,(anonymous_21)
FNDA:0,(anonymous_22)
FNDA:0,(anonymous_23)
FNDA:0,(anonymous_24)
FNDA:0,(anonymous_25)
FNDA:0,(anonymous_26)
FNDA:0,(anonymous_27)
FNDA:0,(anonymous_28)
FNDA:0,(anonymous_29)
FNDA:0,(anonymous_30)
FNDA:0,(anonymous_31)
DA:30,0
DA:36,0
DA:40,0
DA:44,0
DA:48,0
DA:52,0
DA:56,0
DA:60,0
DA:64,0
DA:68,0
DA:72,0
DA:76,0
DA:80,0
DA:84,0
DA:88,0
DA:92,0
DA:96,0
DA:100,0
DA:104,0
DA:108,0
DA:112,0
DA:116,0
DA:120,0
DA:124,0
DA:128,0
DA:132,0
DA:136,0
DA:140,0
DA:146,0
DA:150,0
DA:154,0
DA:158,0
LF:32
LH:0
BRF:0
BRH:0
end_of_record
TN:
SF:dia\app\models\object-framework\database\database-object-framework.service.ts
FN:7,(anonymous_0)
FNF:1
FNH:0
FNDA:0,(anonymous_0)
DA:8,0
LF:1
LH:0
BRF:0
BRH:0
end_of_record
TN:
SF:dia\app\models\object-framework\database\engine-contract\DataSourceStructure.ts
FN:34,(anonymous_0)
FN:62,(anonymous_1)
FN:131,(anonymous_2)
FN:146,(anonymous_3)
FNF:4
FNH:1
FNDA:1,(anonymous_0)
FNDA:0,(anonymous_1)
FNDA:0,(anonymous_2)
FNDA:0,(anonymous_3)
DA:35,1
DA:36,1
DA:37,1
DA:38,1
DA:39,1
DA:40,1
DA:41,1
DA:42,1
DA:43,1
DA:44,1
DA:45,1
DA:46,1
DA:47,1
DA:48,1
DA:49,1
DA:50,1
DA:51,1
DA:52,1
DA:53,1
DA:54,1
DA:55,1
DA:56,1
DA:57,1
DA:58,1
DA:59,1
DA:63,0
DA:64,0
DA:65,0
DA:66,0
DA:67,0
DA:68,0
DA:69,0
DA:70,0
DA:91,0
DA:92,0
DA:93,0
DA:94,0
DA:95,0
DA:96,0
DA:97,0
DA:98,0
DA:99,0
DA:118,0
DA:119,0
DA:120,0
DA:121,0
DA:122,0
DA:123,0
DA:124,0
DA:125,0
DA:128,0
DA:132,0
DA:134,0
DA:136,0
DA:138,0
DA:140,0
DA:142,0
DA:147,0
DA:149,0
DA:151,0
DA:153,0
DA:155,0
DA:157,0
LF:63
LH:25
BRDA:124,0,0,0
BRDA:132,1,0,0
BRDA:132,1,1,0
BRDA:132,1,2,0
BRDA:132,1,3,0
BRDA:132,1,4,0
BRDA:147,2,0,0
BRDA:147,2,1,0
BRDA:147,2,2,0
BRDA:147,2,3,0
BRDA:147,2,4,0
BRF:11
BRH:0
end_of_record
TN:
SF:dia\app\models\object-framework\database\engine-contract\DatabaseContent.ts
FN:22,(anonymous_0)
FNF:1
FNH:0
FNDA:0,(anonymous_0)
DA:23,0
DA:24,0
DA:25,0
DA:26,0
DA:27,0
DA:28,0
DA:29,0
DA:30,0
DA:31,0
DA:32,0
DA:33,0
DA:34,0
DA:35,0
DA:36,0
LF:14
LH:0
BRF:0
BRH:0
end_of_record
TN:
SF:dia\app\models\object-framework\database\models\database-extra-metadata.ts
FN:17,(anonymous_0)
FNF:1
FNH:0
FNDA:0,(anonymous_0)
DA:18,0
DA:19,0
DA:20,0
DA:21,0
DA:22,0
DA:23,0
DA:24,0
DA:25,0
DA:26,0
DA:27,0
DA:28,0
LF:11
LH:0
BRF:0
BRH:0
end_of_record
TN:
SF:dia\app\models\object-framework\database\models\database-object-model.ts
FN:22,(anonymous_0)
FNF:1
FNH:1
FNDA:20,(anonymous_0)
DA:23,20
DA:24,20
DA:25,20
DA:26,20
DA:27,20
DA:28,20
DA:29,20
DA:30,20
DA:31,20
DA:32,20
DA:33,20
DA:34,20
DA:35,20
DA:36,20
DA:37,20
DA:38,20
LF:16
LH:16
BRF:0
BRH:0
end_of_record
TN:
SF:dia\app\models\object-framework\parser\ParserObjectManagementPackage.ts
FN:29,(anonymous_0)
FN:33,(anonymous_1)
FN:39,(anonymous_2)
FN:43,(anonymous_3)
FN:47,(anonymous_4)
FN:51,(anonymous_5)
FN:55,(anonymous_6)
FN:59,(anonymous_7)
FN:63,(anonymous_8)
FN:67,(anonymous_9)
FN:71,(anonymous_10)
FN:75,(anonymous_11)
FN:79,(anonymous_12)
FN:83,(anonymous_13)
FN:87,(anonymous_14)
FN:91,(anonymous_15)
FN:95,(anonymous_16)
FN:99,(anonymous_17)
FN:103,(anonymous_18)
FN:107,(anonymous_19)
FN:111,(anonymous_20)
FN:115,(anonymous_21)
FN:119,(anonymous_22)
FN:123,(anonymous_23)
FN:127,(anonymous_24)
FN:131,(anonymous_25)
FN:135,(anonymous_26)
FN:139,(anonymous_27)
FN:143,(anonymous_28)
FN:147,(anonymous_29)
FN:151,(anonymous_30)
FN:155,(anonymous_31)
FNF:32
FNH:0
FNDA:0,(anonymous_0)
FNDA:0,(anonymous_1)
FNDA:0,(anonymous_2)
FNDA:0,(anonymous_3)
FNDA:0,(anonymous_4)
FNDA:0,(anonymous_5)
FNDA:0,(anonymous_6)
FNDA:0,(anonymous_7)
FNDA:0,(anonymous_8)
FNDA:0,(anonymous_9)
FNDA:0,(anonymous_10)
FNDA:0,(anonymous_11)
FNDA:0,(anonymous_12)
FNDA:0,(anonymous_13)
FNDA:0,(anonymous_14)
FNDA:0,(anonymous_15)
FNDA:0,(anonymous_16)
FNDA:0,(anonymous_17)
FNDA:0,(anonymous_18)
FNDA:0,(anonymous_19)
FNDA:0,(anonymous_20)
FNDA:0,(anonymous_21)
FNDA:0,(anonymous_22)
FNDA:0,(anonymous_23)
FNDA:0,(anonymous_24)
FNDA:0,(anonymous_25)
FNDA:0,(anonymous_26)
FNDA:0,(anonymous_27)
FNDA:0,(anonymous_28)
FNDA:0,(anonymous_29)
FNDA:0,(anonymous_30)
FNDA:0,(anonymous_31)
DA:30,0
DA:36,0
DA:40,0
DA:44,0
DA:48,0
DA:52,0
DA:56,0
DA:60,0
DA:64,0
DA:68,0
DA:72,0
DA:76,0
DA:80,0
DA:84,0
DA:88,0
DA:92,0
DA:96,0
DA:100,0
DA:104,0
DA:108,0
DA:112,0
DA:116,0
DA:120,0
DA:124,0
DA:128,0
DA:132,0
DA:136,0
DA:140,0
DA:144,0
DA:148,0
DA:152,0
DA:156,0
LF:32
LH:0
BRF:0
BRH:0
end_of_record
TN:
SF:dia\app\models\object-framework\parser\parser-object-framework.service.ts
FN:9,(anonymous_0)
FNF:1
FNH:0
FNDA:0,(anonymous_0)
DA:7,0
DA:10,0
LF:2
LH:0
BRF:0
BRH:0
end_of_record
TN:
SF:dia\app\models\object-framework\parser\engine-contract\parser-content.ts
FN:10,(anonymous_0)
FNF:1
FNH:0
FNDA:0,(anonymous_0)
DA:11,0
DA:12,0
LF:2
LH:0
BRF:0
BRH:0
end_of_record
TN:
SF:dia\app\models\object-framework\parser\engine-contract\parser-object-model.ts
FN:10,(anonymous_0)
FNF:1
FNH:1
FNDA:19,(anonymous_0)
DA:11,19
DA:12,19
DA:13,19
DA:14,19
DA:15,19
DA:19,19
DA:20,19
DA:21,19
LF:8
LH:8
BRF:0
BRH:0
end_of_record
TN:
SF:dia\app\models\object-framework\parser\engine-contract\Code\CSharpCode.ts
FN:4,(anonymous_0)
FNF:1
FNH:1
FNDA:2,(anonymous_0)
DA:5,2
LF:1
LH:1
BRF:0
BRH:0
end_of_record
TN:
SF:dia\app\models\object-framework\parser\engine-contract\Code\ExeCode.ts
FN:3,(anonymous_0)
FNF:1
FNH:1
FNDA:2,(anonymous_0)
DA:4,2
LF:1
LH:1
BRF:0
BRH:0
end_of_record
TN:
SF:dia\app\models\object-framework\parser\engine-contract\Code\MatlabCode.ts
FN:4,(anonymous_0)
FNF:1
FNH:1
FNDA:2,(anonymous_0)
DA:5,2
LF:1
LH:1
BRF:0
BRH:0
end_of_record
TN:
SF:dia\app\models\object-framework\parser\engine-contract\Code\PythonCode.ts
FN:3,(anonymous_0)
FNF:1
FNH:1
FNDA:2,(anonymous_0)
DA:4,2
LF:1
LH:1
BRF:0
BRH:0
end_of_record
TN:
SF:dia\app\models\object-framework\parser\engine-contract\Code\RCode.ts
FN:3,(anonymous_0)
FNF:1
FNH:1
FNDA:2,(anonymous_0)
DA:4,2
LF:1
LH:1
BRF:0
BRH:0
end_of_record
TN:
SF:dia\app\models\object-framework\parser\enums\MatlabCodeType.enum.ts
FN:1,(anonymous_0)
FNF:1
FNH:1
FNDA:1,(anonymous_0)
DA:1,1
DA:2,1
DA:3,1
LF:3
LH:3
BRDA:1,0,0,1
BRDA:1,0,1,1
BRF:2
BRH:2
end_of_record
TN:
SF:dia\app\models\object-framework\parser\enums\ParserDataType.enum.ts
FN:1,(anonymous_0)
FNF:1
FNH:1
FNDA:1,(anonymous_0)
DA:1,1
DA:2,1
DA:3,1
LF:3
LH:3
BRDA:1,0,0,1
BRDA:1,0,1,1
BRF:2
BRH:2
end_of_record
TN:
SF:dia\app\models\object-framework\parser\enums\ParserType.enum.ts
FN:1,(anonymous_0)
FNF:1
FNH:1
FNDA:1,(anonymous_0)
DA:1,1
DA:2,1
DA:3,1
DA:4,1
DA:5,1
DA:6,1
LF:6
LH:6
BRDA:1,0,0,1
BRDA:1,0,1,1
BRF:2
BRH:2
end_of_record
TN:
SF:dia\app\models\object-framework\parser\models\parser-extra-metadata.ts
FN:11,(anonymous_0)
FNF:1
FNH:0
FNDA:0,(anonymous_0)
DA:12,0
DA:13,0
DA:14,0
LF:3
LH:0
BRF:0
BRH:0
end_of_record
TN:
SF:dia\app\models\object-framework\shared-location\SharedLocationObjectManagementPackage.ts
FN:29,(anonymous_0)
FN:33,(anonymous_1)
FN:39,(anonymous_2)
FN:43,(anonymous_3)
FN:47,(anonymous_4)
FN:51,(anonymous_5)
FN:55,(anonymous_6)
FN:59,(anonymous_7)
FN:63,(anonymous_8)
FN:67,(anonymous_9)
FN:71,(anonymous_10)
FN:75,(anonymous_11)
FN:79,(anonymous_12)
FN:83,(anonymous_13)
FN:87,(anonymous_14)
FN:91,(anonymous_15)
FN:95,(anonymous_16)
FN:99,(anonymous_17)
FN:103,(anonymous_18)
FN:107,(anonymous_19)
FN:111,(anonymous_20)
FN:115,(anonymous_21)
FN:119,(anonymous_22)
FN:123,(anonymous_23)
FN:127,(anonymous_24)
FN:131,(anonymous_25)
FN:135,(anonymous_26)
FN:139,(anonymous_27)
FN:143,(anonymous_28)
FN:149,(anonymous_29)
FN:153,(anonymous_30)
FN:157,(anonymous_31)
FNF:32
FNH:0
FNDA:0,(anonymous_0)
FNDA:0,(anonymous_1)
FNDA:0,(anonymous_2)
FNDA:0,(anonymous_3)
FNDA:0,(anonymous_4)
FNDA:0,(anonymous_5)
FNDA:0,(anonymous_6)
FNDA:0,(anonymous_7)
FNDA:0,(anonymous_8)
FNDA:0,(anonymous_9)
FNDA:0,(anonymous_10)
FNDA:0,(anonymous_11)
FNDA:0,(anonymous_12)
FNDA:0,(anonymous_13)
FNDA:0,(anonymous_14)
FNDA:0,(anonymous_15)
FNDA:0,(anonymous_16)
FNDA:0,(anonymous_17)
FNDA:0,(anonymous_18)
FNDA:0,(anonymous_19)
FNDA:0,(anonymous_20)
FNDA:0,(anonymous_21)
FNDA:0,(anonymous_22)
FNDA:0,(anonymous_23)
FNDA:0,(anonymous_24)
FNDA:0,(anonymous_25)
FNDA:0,(anonymous_26)
FNDA:0,(anonymous_27)
FNDA:0,(anonymous_28)
FNDA:0,(anonymous_29)
FNDA:0,(anonymous_30)
FNDA:0,(anonymous_31)
DA:30,0
DA:36,0
DA:40,0
DA:44,0
DA:48,0
DA:52,0
DA:56,0
DA:60,0
DA:64,0
DA:68,0
DA:72,0
DA:76,0
DA:80,0
DA:84,0
DA:88,0
DA:92,0
DA:96,0
DA:100,0
DA:104,0
DA:108,0
DA:112,0
DA:116,0
DA:120,0
DA:124,0
DA:128,0
DA:132,0
DA:136,0
DA:140,0
DA:146,0
DA:150,0
DA:154,0
DA:158,0
LF:32
LH:0
BRF:0
BRH:0
end_of_record
TN:
SF:dia\app\models\object-framework\shared-location\share-location-object-framework.service.ts
FN:9,(anonymous_0)
FNF:1
FNH:1
FNDA:1,(anonymous_0)
DA:7,1
DA:10,1
LF:2
LH:2
BRF:0
BRH:0
end_of_record
TN:
SF:dia\app\models\object-framework\shared-location\engine-contract\ShareLocationContent.ts
FN:11,(anonymous_0)
FNF:1
FNH:1
FNDA:1,(anonymous_0)
DA:12,1
DA:13,1
DA:14,1
LF:3
LH:3
BRF:0
BRH:0
end_of_record
TN:
SF:dia\app\models\object-framework\shared-location\engine-contract\ShareLocationObjectModel.ts
FN:17,(anonymous_0)
FNF:1
FNH:1
FNDA:37,(anonymous_0)
DA:18,37
DA:19,37
DA:20,37
DA:21,37
DA:22,37
DA:28,37
DA:29,37
LF:7
LH:7
BRF:0
BRH:0
end_of_record
TN:
SF:dia\app\models\object-framework\shared-locations\models\shared-locations-extra-metadata.ts
FN:9,(anonymous_0)
FNF:1
FNH:1
FNDA:1,(anonymous_0)
DA:10,1
DA:11,1
DA:12,1
LF:3
LH:3
BRF:0
BRH:0
end_of_record
TN:
SF:dia\app\models\object-framework\systems-connection\SystemsConnectionObjectManagementPackage.ts
FN:29,(anonymous_0)
FN:33,(anonymous_1)
FN:39,(anonymous_2)
FN:43,(anonymous_3)
FN:47,(anonymous_4)
FN:51,(anonymous_5)
FN:55,(anonymous_6)
FN:59,(anonymous_7)
FN:63,(anonymous_8)
FN:67,(anonymous_9)
FN:71,(anonymous_10)
FN:75,(anonymous_11)
FN:79,(anonymous_12)
FN:83,(anonymous_13)
FN:87,(anonymous_14)
FN:91,(anonymous_15)
FN:95,(anonymous_16)
FN:99,(anonymous_17)
FN:103,(anonymous_18)
FN:107,(anonymous_19)
FN:111,(anonymous_20)
FN:115,(anonymous_21)
FN:119,(anonymous_22)
FN:123,(anonymous_23)
FN:127,(anonymous_24)
FN:131,(anonymous_25)
FN:135,(anonymous_26)
FN:139,(anonymous_27)
FN:143,(anonymous_28)
FN:149,(anonymous_29)
FN:153,(anonymous_30)
FN:157,(anonymous_31)
FNF:32
FNH:0
FNDA:0,(anonymous_0)
FNDA:0,(anonymous_1)
FNDA:0,(anonymous_2)
FNDA:0,(anonymous_3)
FNDA:0,(anonymous_4)
FNDA:0,(anonymous_5)
FNDA:0,(anonymous_6)
FNDA:0,(anonymous_7)
FNDA:0,(anonymous_8)
FNDA:0,(anonymous_9)
FNDA:0,(anonymous_10)
FNDA:0,(anonymous_11)
FNDA:0,(anonymous_12)
FNDA:0,(anonymous_13)
FNDA:0,(anonymous_14)
FNDA:0,(anonymous_15)
FNDA:0,(anonymous_16)
FNDA:0,(anonymous_17)
FNDA:0,(anonymous_18)
FNDA:0,(anonymous_19)
FNDA:0,(anonymous_20)
FNDA:0,(anonymous_21)
FNDA:0,(anonymous_22)
FNDA:0,(anonymous_23)
FNDA:0,(anonymous_24)
FNDA:0,(anonymous_25)
FNDA:0,(anonymous_26)
FNDA:0,(anonymous_27)
FNDA:0,(anonymous_28)
FNDA:0,(anonymous_29)
FNDA:0,(anonymous_30)
FNDA:0,(anonymous_31)
DA:30,0
DA:36,0
DA:40,0
DA:44,0
DA:48,0
DA:52,0
DA:56,0
DA:60,0
DA:64,0
DA:68,0
DA:72,0
DA:76,0
DA:80,0
DA:84,0
DA:88,0
DA:92,0
DA:96,0
DA:100,0
DA:104,0
DA:108,0
DA:112,0
DA:116,0
DA:120,0
DA:124,0
DA:128,0
DA:132,0
DA:136,0
DA:140,0
DA:146,0
DA:150,0
DA:154,0
DA:158,0
LF:32
LH:0
BRF:0
BRH:0
end_of_record
TN:
SF:dia\app\models\object-framework\systems-connection\systems-connection-object-framework.service.ts
FN:9,(anonymous_0)
FNF:1
FNH:1
FNDA:2,(anonymous_0)
DA:7,2
DA:10,2
LF:2
LH:2
BRF:0
BRH:0
end_of_record
TN:
SF:dia\app\models\object-framework\systems-connection\models\systems-connection-content.ts
FN:13,(anonymous_0)
FNF:1
FNH:1
FNDA:1,(anonymous_0)
DA:14,1
DA:15,1
DA:16,1
DA:17,1
DA:18,1
DA:19,1
LF:6
LH:6
BRF:0
BRH:0
end_of_record
TN:
SF:dia\app\models\object-framework\systems-connection\models\systems-connection-extra-metadata.ts
FN:11,(anonymous_0)
FNF:1
FNH:1
FNDA:1,(anonymous_0)
DA:12,1
DA:13,1
DA:14,1
DA:15,1
LF:4
LH:4
BRF:0
BRH:0
end_of_record
TN:
SF:dia\app\models\object-framework\systems-connection\models\systems-connection-object-model.ts
FN:16,(anonymous_0)
FN:29,(anonymous_1)
FNF:2
FNH:2
FNDA:18,(anonymous_0)
FNDA:1,(anonymous_1)
DA:13,18
DA:17,18
DA:18,18
DA:19,18
DA:20,18
DA:24,18
DA:25,18
DA:26,18
DA:30,1
LF:9
LH:9
BRF:0
BRH:0
end_of_record
TN:
SF:dia\app\modules\scenario\scenario-page\scenario-page.component.ts
FN:47,(anonymous_0)
FN:65,(anonymous_1)
FN:71,(anonymous_2)
FN:76,(anonymous_3)
FN:97,(anonymous_4)
FNF:5
FNH:5
FNDA:16,(anonymous_0)
FNDA:13,(anonymous_1)
FNDA:13,(anonymous_2)
FNDA:13,(anonymous_3)
FNDA:2,(anonymous_4)
DA:25,1
DA:27,16
DA:35,16
DA:45,16
DA:48,16
DA:49,16
DA:50,16
DA:51,16
DA:52,16
DA:53,16
DA:54,16
DA:55,16
DA:56,16
DA:57,16
DA:58,16
DA:59,16
DA:60,16
DA:61,16
DA:62,16
DA:66,13
DA:67,13
DA:68,13
DA:72,13
DA:77,13
DA:78,13
DA:79,13
DA:80,13
DA:81,13
DA:83,13
DA:85,13
DA:86,2
DA:87,2
DA:89,11
DA:90,11
DA:91,11
DA:94,13
DA:98,2
DA:99,1
LF:38
LH:38
BRDA:85,0,0,2
BRDA:85,0,1,11
BRDA:98,1,0,1
BRF:3
BRH:3
end_of_record
TN:
SF:dia\app\modules\scenario\scenario-page\application\scenario-page-providers.ts
FNF:0
FNH:0
DA:6,1
LF:1
LH:1
BRF:0
BRH:0
end_of_record
TN:
SF:dia\app\modules\scenario\scenario-page\application\dia-graph-providers\dia-graph-providers.ts
FNF:0
FNH:0
DA:53,1
LF:1
LH:1
BRF:0
BRH:0
end_of_record
TN:
SF:dia\app\modules\scenario\scenario-page\application\dia-plugins-providers\plugins-providers.ts
FNF:0
FNH:0
DA:6,1
LF:1
LH:1
BRF:0
BRH:0
end_of_record
TN:
SF:dia\app\modules\scenario\scenario-page\application\dia-scenario-providers\dia-scenario-providers.ts
FNF:0
FNH:0
DA:6,1
LF:1
LH:1
BRF:0
BRH:0
end_of_record
TN:
SF:dia\app\modules\scenario\scenario-page\application\models\graph-overlay-selector.ts
FNF:0
FNH:0
DA:1,1
DA:2,1
LF:2
LH:2
BRF:0
BRH:0
end_of_record
TN:
SF:dia\app\modules\scenario\scenario-page\application\services\bulk-deletion\graph-bulk-deletion-event-handler.service.ts
FN:14,(anonymous_0)
FN:19,(anonymous_1)
FN:21,(anonymous_2)
FN:26,(anonymous_3)
FN:32,(anonymous_4)
FN:44,(anonymous_5)
FN:50,(anonymous_6)
FN:63,(anonymous_7)
FNF:8
FNH:6
FNDA:4,(anonymous_0)
FNDA:2,(anonymous_1)
FNDA:2,(anonymous_2)
FNDA:0,(anonymous_3)
FNDA:0,(anonymous_4)
FNDA:4,(anonymous_5)
FNDA:4,(anonymous_6)
FNDA:7,(anonymous_7)
DA:11,1
DA:15,4
DA:16,4
DA:20,2
DA:22,2
DA:23,0
DA:27,0
DA:33,0
DA:43,2
DA:45,4
DA:51,4
DA:64,7
LF:12
LH:9
BRDA:22,0,0,0
BRDA:22,0,1,2
BRF:2
BRH:1
end_of_record
TN:
SF:dia\app\modules\scenario\scenario-page\application\services\chnage-representation\graph-node-change-representation-event-handler.service.ts
FN:11,(anonymous_0)
FN:16,(anonymous_1)
FN:18,(anonymous_2)
FN:22,(anonymous_3)
FN:35,(anonymous_4)
FNF:5
FNH:4
FNDA:1,(anonymous_0)
FNDA:1,(anonymous_1)
FNDA:1,(anonymous_2)
FNDA:0,(anonymous_3)
FNDA:1,(anonymous_4)
DA:10,1
DA:12,1
DA:13,1
DA:17,1
DA:19,1
DA:20,0
DA:22,0
DA:34,1
DA:35,1
LF:9
LH:7
BRDA:19,0,0,0
BRDA:19,0,1,1
BRF:2
BRH:1
end_of_record
TN:
SF:dia\app\modules\scenario\scenario-page\application\services\copy-operation\graph-copy-operation.service.ts
FN:15,(anonymous_0)
FN:22,(anonymous_1)
FN:27,(anonymous_2)
FN:33,(anonymous_3)
FN:35,(anonymous_4)
FN:37,(anonymous_5)
FN:42,(anonymous_6)
FN:43,(anonymous_7)
FN:52,(anonymous_8)
FNF:9
FNH:9
FNDA:2,(anonymous_0)
FNDA:2,(anonymous_1)
FNDA:2,(anonymous_2)
FNDA:1,(anonymous_3)
FNDA:2,(anonymous_4)
FNDA:1,(anonymous_5)
FNDA:1,(anonymous_6)
FNDA:2,(anonymous_7)
FNDA:1,(anonymous_8)
DA:11,1
DA:16,2
DA:17,2
DA:18,2
DA:19,2
DA:21,2
DA:23,2
DA:26,2
DA:28,2
DA:34,1
DA:35,2
DA:37,1
DA:38,1
DA:43,1
DA:44,2
DA:52,1
DA:53,1
DA:61,1
DA:67,1
DA:68,1
LF:20
LH:20
BRDA:43,0,0,1
BRDA:43,0,1,0
BRDA:52,1,0,1
BRDA:52,1,1,0
BRF:4
BRH:2
end_of_record
TN:
SF:dia\app\modules\scenario\scenario-page\application\services\copy-operation\application\copy-request-handler.service.ts
FN:11,(anonymous_0)
FN:17,(anonymous_1)
FNF:2
FNH:2
FNDA:2,(anonymous_0)
FNDA:1,(anonymous_1)
DA:10,1
DA:12,2
DA:13,2
DA:18,1
LF:4
LH:4
BRF:0
BRH:0
end_of_record
TN:
SF:dia\app\modules\scenario\scenario-page\application\services\create-pipeline\create-pipeline.service.ts
FN:8,(anonymous_0)
FN:10,(anonymous_1)
FNF:2
FNH:1
FNDA:1,(anonymous_0)
FNDA:0,(anonymous_1)
DA:7,1
DA:8,1
DA:11,0
LF:3
LH:2
BRF:0
BRH:0
end_of_record
TN:
SF:dia\app\modules\scenario\scenario-page\application\services\get-plugin-input-structure\get-plugin-input-structure.service.ts
FN:13,(anonymous_0)
FN:18,(anonymous_1)
FN:23,(anonymous_2)
FNF:3
FNH:3
FNDA:3,(anonymous_0)
FNDA:3,(anonymous_1)
FNDA:2,(anonymous_2)
DA:10,1
DA:14,3
DA:15,3
DA:16,3
DA:18,3
DA:19,3
DA:24,2
LF:7
LH:7
BRDA:27,0,0,2
BRDA:27,0,1,0
BRF:2
BRH:1
end_of_record
TN:
SF:dia\app\modules\scenario\scenario-page\application\services\get-plugin-input-structure\models\input-port.ts
FN:6,isMultipleInputPort
FN:10,isSingleInputPort
FNF:2
FNH:2
FNDA:4,isMultipleInputPort
FNDA:10,isSingleInputPort
DA:7,4
DA:11,10
LF:2
LH:2
BRF:0
BRH:0
end_of_record
TN:
SF:dia\app\modules\scenario\scenario-page\application\services\get-readonly-pipeline\get-readonly-pipeline.service.ts
FN:8,(anonymous_0)
FN:10,(anonymous_1)
FNF:2
FNH:2
FNDA:3,(anonymous_0)
FNDA:2,(anonymous_1)
DA:7,1
DA:8,3
DA:11,2
LF:3
LH:3
BRDA:10,0,0,1
BRDA:15,1,0,1
BRDA:15,1,1,1
BRF:3
BRH:3
end_of_record
TN:
SF:dia\app\modules\scenario\scenario-page\application\services\get-topology\get-topology.service.ts
FN:9,(anonymous_0)
FN:14,(anonymous_1)
FNF:2
FNH:2
FNDA:2,(anonymous_0)
FNDA:1,(anonymous_1)
DA:8,1
DA:10,2
DA:11,2
DA:15,1
LF:4
LH:4
BRF:0
BRH:0
end_of_record
TN:
SF:dia\app\modules\scenario\scenario-page\application\services\graph-dnd-handler\graph-dnd-handler.service.ts
FN:17,(anonymous_0)
FN:27,(anonymous_1)
FN:32,(anonymous_2)
FN:45,(anonymous_3)
FN:47,(anonymous_4)
FN:54,(anonymous_5)
FN:91,(anonymous_6)
FNF:7
FNH:7
FNDA:3,(anonymous_0)
FNDA:1,(anonymous_1)
FNDA:2,(anonymous_2)
FNDA:2,(anonymous_3)
FNDA:2,(anonymous_4)
FNDA:2,(anonymous_5)
FNDA:1,(anonymous_6)
DA:16,1
DA:18,3
DA:19,3
DA:20,3
DA:21,3
DA:22,3
DA:23,3
DA:24,3
DA:28,1
DA:29,1
DA:30,1
DA:31,1
DA:32,2
DA:33,1
DA:34,1
DA:36,1
DA:45,2
DA:47,2
DA:49,1
DA:55,2
DA:56,2
DA:68,1
DA:69,0
DA:81,1
DA:92,1
LF:25
LH:24
BRDA:58,0,0,1
BRDA:58,0,1,1
BRDA:59,1,0,1
BRDA:59,1,1,1
BRDA:60,2,0,0
BRDA:60,2,1,2
BRDA:60,3,0,2
BRDA:60,3,1,1
BRDA:60,3,2,2
BRDA:60,3,3,1
BRDA:68,4,0,0
BRDA:68,4,1,1
BRF:12
BRH:10
end_of_record
TN:
SF:dia\app\modules\scenario\scenario-page\application\services\graph-dnd-handler\plugin-label-provider.service.ts
FN:6,(anonymous_0)
FN:8,(anonymous_1)
FN:10,(anonymous_2)
FN:11,(anonymous_3)
FNF:4
FNH:4
FNDA:4,(anonymous_0)
FNDA:3,(anonymous_1)
FNDA:3,(anonymous_2)
FNDA:3,(anonymous_3)
DA:5,1
DA:6,4
DA:9,3
DA:10,3
DA:11,3
DA:12,3
DA:13,3
DA:14,3
DA:16,3
DA:17,3
LF:10
LH:10
BRDA:14,0,0,0
BRDA:14,0,1,3
BRF:2
BRH:1
end_of_record
TN:
SF:dia\app\modules\scenario\scenario-page\application\services\graph-dnd-handler\models\plugin-type.enum.ts
FN:1,(anonymous_0)
FNF:1
FNH:1
FNDA:1,(anonymous_0)
DA:1,1
DA:3,1
DA:4,1
DA:5,1
DA:6,1
DA:7,1
DA:8,1
DA:9,1
DA:12,1
DA:13,1
DA:14,1
DA:15,1
DA:16,1
DA:17,1
DA:18,1
DA:19,1
DA:20,1
DA:21,1
DA:22,1
DA:23,1
DA:24,1
DA:25,1
DA:26,1
DA:29,1
DA:30,1
DA:31,1
DA:34,1
DA:35,1
DA:36,1
DA:37,1
DA:38,1
DA:39,1
DA:42,1
DA:43,1
DA:44,1
DA:45,1
DA:46,1
DA:47,1
DA:48,1
DA:51,1
DA:52,1
DA:53,1
DA:54,1
DA:55,1
DA:56,1
DA:57,1
DA:58,1
DA:59,1
DA:60,1
DA:63,1
DA:64,1
DA:65,1
DA:66,1
DA:67,1
DA:68,1
DA:71,1
DA:72,1
DA:75,1
DA:76,1
DA:77,1
DA:78,1
DA:79,1
DA:80,1
DA:81,1
DA:82,1
DA:83,1
DA:86,1
DA:87,1
DA:90,1
DA:91,1
DA:92,1
DA:93,1
DA:94,1
DA:95,1
DA:96,1
DA:97,1
DA:100,1
DA:101,1
DA:104,1
DA:105,1
DA:106,1
DA:107,1
DA:108,1
DA:109,1
DA:112,1
DA:113,1
DA:114,1
DA:115,1
DA:116,1
LF:89
LH:89
BRDA:1,0,0,1
BRDA:1,0,1,1
BRF:2
BRH:2
end_of_record
TN:
SF:dia\app\modules\scenario\scenario-page\application\services\keyup-listerner\graph-keyup-event-handler.service.ts
FN:10,(anonymous_0)
FN:16,(anonymous_1)
FN:20,(anonymous_2)
FN:22,(anonymous_3)
FNF:4
FNH:4
FNDA:5,(anonymous_0)
FNDA:4,(anonymous_1)
FNDA:4,(anonymous_2)
FNDA:5,(anonymous_3)
DA:8,1
DA:11,5
DA:12,5
DA:13,5
DA:17,4
DA:21,4
DA:23,5
DA:24,5
DA:25,2
DA:27,3
DA:28,2
LF:11
LH:11
BRDA:24,0,0,2
BRDA:24,0,1,3
BRDA:24,1,0,5
BRDA:24,1,1,5
BRDA:27,2,0,2
BRDA:27,3,0,3
BRDA:27,3,1,3
BRF:7
BRH:7
end_of_record
TN:
SF:dia\app\modules\scenario\scenario-page\application\services\link-addition\graph-link-addition-event-handler.service.ts
FN:14,(anonymous_0)
FN:19,(anonymous_1)
FN:20,(anonymous_2)
FN:55,(anonymous_3)
FNF:4
FNH:4
FNDA:3,(anonymous_0)
FNDA:2,(anonymous_1)
FNDA:2,(anonymous_2)
FNDA:3,(anonymous_3)
DA:11,1
DA:15,3
DA:16,3
DA:20,2
DA:21,2
DA:22,1
DA:23,0
DA:39,1
DA:56,3
LF:9
LH:8
BRDA:21,0,0,1
BRDA:22,1,0,0
BRDA:22,1,1,1
BRF:3
BRH:2
end_of_record
TN:
SF:dia\app\modules\scenario\scenario-page\application\services\node-deletion\graph-node-deletion-event-handler.service.ts
FN:14,(anonymous_0)
FN:19,(anonymous_1)
FN:21,(anonymous_2)
FN:49,(anonymous_3)
FNF:4
FNH:4
FNDA:2,(anonymous_0)
FNDA:2,(anonymous_1)
FNDA:2,(anonymous_2)
FNDA:2,(anonymous_3)
DA:11,1
DA:15,2
DA:16,2
DA:20,2
DA:22,2
DA:23,1
DA:24,0
DA:36,1
DA:50,2
LF:9
LH:8
BRDA:22,0,0,1
BRDA:23,1,0,0
BRDA:23,1,1,1
BRF:3
BRH:2
end_of_record
TN:
SF:dia\app\modules\scenario\scenario-page\application\services\node-double-click\node-double-click-handler.service.ts
FN:35,(anonymous_0)
FN:49,(anonymous_1)
FN:104,(anonymous_2)
FN:105,(anonymous_3)
FN:110,(anonymous_4)
FN:120,(anonymous_5)
FN:127,(anonymous_6)
FN:131,(anonymous_7)
FN:143,(anonymous_8)
FN:151,(anonymous_9)
FN:156,(anonymous_10)
FN:158,(anonymous_11)
FN:165,(anonymous_12)
FN:188,(anonymous_13)
FN:196,(anonymous_14)
FN:200,(anonymous_15)
FNF:16
FNH:16
FNDA:5,(anonymous_0)
FNDA:4,(anonymous_1)
FNDA:5,(anonymous_2)
FNDA:5,(anonymous_3)
FNDA:5,(anonymous_4)
FNDA:2,(anonymous_5)
FNDA:4,(anonymous_6)
FNDA:2,(anonymous_7)
FNDA:4,(anonymous_8)
FNDA:2,(anonymous_9)
FNDA:4,(anonymous_10)
FNDA:4,(anonymous_11)
FNDA:4,(anonymous_12)
FNDA:2,(anonymous_13)
FNDA:2,(anonymous_14)
FNDA:2,(anonymous_15)
DA:31,1
DA:33,5
DA:36,5
DA:37,5
DA:38,5
DA:39,5
DA:40,5
DA:41,5
DA:42,5
DA:43,5
DA:44,5
DA:46,5
DA:50,4
DA:52,2
DA:53,2
DA:54,2
DA:56,2
DA:64,2
DA:73,2
DA:74,2
DA:80,2
DA:89,2
DA:92,2
DA:93,0
DA:100,2
DA:105,5
DA:106,5
DA:107,5
DA:110,5
DA:111,5
DA:112,0
DA:113,0
DA:115,5
DA:121,2
DA:123,2
DA:126,2
DA:127,4
DA:132,2
DA:137,2
DA:138,2
DA:139,2
DA:140,2
DA:142,2
DA:143,2
DA:144,4
DA:145,4
DA:148,2
DA:154,2
DA:156,4
DA:158,4
DA:160,2
DA:166,4
DA:168,4
DA:180,2
DA:193,2
DA:196,2
DA:205,2
LF:57
LH:54
BRDA:50,0,0,2
BRDA:73,1,0,2
BRDA:92,2,0,0
BRDA:92,2,1,2
BRDA:111,3,0,0
BRDA:111,3,1,5
BRDA:121,4,0,0
BRDA:133,5,0,2
BRDA:133,5,1,2
BRDA:134,6,0,2
BRDA:134,6,1,2
BRDA:144,7,0,4
BRDA:144,7,1,2
BRDA:170,8,0,2
BRDA:170,8,1,2
BRDA:171,9,0,2
BRDA:171,9,1,2
BRDA:172,10,0,0
BRDA:172,10,1,4
BRDA:172,11,0,4
BRDA:172,11,1,2
BRDA:172,11,2,4
BRDA:172,11,3,2
BRDA:194,12,0,2
BRDA:194,12,1,2
BRDA:194,12,2,2
BRF:26
BRH:22
end_of_record
TN:
SF:dia\app\modules\scenario\scenario-page\application\services\node-type-registration\graph-node-type-registrar.service.ts
FN:7,(anonymous_0)
FN:12,(anonymous_1)
FN:13,(anonymous_2)
FNF:3
FNH:3
FNDA:2,(anonymous_0)
FNDA:1,(anonymous_1)
FNDA:2,(anonymous_2)
DA:6,1
DA:8,2
DA:9,2
DA:13,1
DA:14,2
LF:5
LH:5
BRF:0
BRH:0
end_of_record
TN:
SF:dia\app\modules\scenario\scenario-page\application\services\paste-operation\graph-paste-operation.service.ts
FN:20,(anonymous_0)
FN:31,(anonymous_1)
FN:44,(anonymous_2)
FN:45,(anonymous_3)
FN:48,(anonymous_4)
FN:54,(anonymous_5)
FN:60,(anonymous_6)
FN:67,(anonymous_7)
FN:70,(anonymous_8)
FN:94,(anonymous_9)
FN:105,(anonymous_10)
FN:106,(anonymous_11)
FN:129,(anonymous_12)
FN:136,(anonymous_13)
FNF:14
FNH:14
FNDA:4,(anonymous_0)
FNDA:2,(anonymous_1)
FNDA:1,(anonymous_2)
FNDA:1,(anonymous_3)
FNDA:1,(anonymous_4)
FNDA:2,(anonymous_5)
FNDA:2,(anonymous_6)
FNDA:2,(anonymous_7)
FNDA:2,(anonymous_8)
FNDA:2,(anonymous_9)
FNDA:2,(anonymous_10)
FNDA:2,(anonymous_11)
FNDA:1,(anonymous_12)
FNDA:1,(anonymous_13)
DA:15,1
DA:16,4
DA:17,4
DA:18,4
DA:21,4
DA:22,4
DA:23,4
DA:24,4
DA:25,4
DA:26,4
DA:27,4
DA:28,4
DA:32,2
DA:33,1
DA:35,1
DA:36,1
DA:38,1
DA:39,1
DA:41,1
DA:45,1
DA:54,1
DA:55,2
DA:56,2
DA:66,2
DA:67,2
DA:68,2
DA:70,2
DA:71,2
DA:74,2
DA:76,2
DA:85,2
DA:91,2
DA:100,2
DA:101,2
DA:102,2
DA:106,2
DA:107,2
DA:108,2
DA:109,2
DA:110,2
DA:111,2
DA:112,2
DA:117,2
DA:130,1
DA:137,1
LF:45
LH:45
BRDA:45,0,0,0
BRDA:45,0,1,1
BRF:2
BRH:1
end_of_record
TN:
SF:dia\app\modules\scenario\scenario-page\application\services\paste-operation\mouse-position.service.ts
FN:11,(anonymous_0)
FN:12,(anonymous_1)
FN:21,(anonymous_2)
FN:25,(anonymous_3)
FNF:4
FNH:4
FNDA:4,(anonymous_0)
FNDA:2,(anonymous_1)
FNDA:4,(anonymous_2)
FNDA:3,(anonymous_3)
DA:5,1
DA:7,4
DA:8,4
DA:11,4
DA:12,4
DA:13,2
DA:14,2
DA:15,2
DA:18,4
DA:22,4
DA:26,3
LF:11
LH:11
BRF:0
BRH:0
end_of_record
TN:
SF:dia\app\modules\scenario\scenario-page\application\services\paste-operation\node-creation.service.ts
FN:11,(anonymous_0)
FN:15,(anonymous_1)
FN:24,(anonymous_2)
FN:26,(anonymous_3)
FN:33,(anonymous_4)
FN:51,(anonymous_5)
FNF:6
FNH:6
FNDA:5,(anonymous_0)
FNDA:3,(anonymous_1)
FNDA:8,(anonymous_2)
FNDA:8,(anonymous_3)
FNDA:8,(anonymous_4)
FNDA:1,(anonymous_5)
DA:10,1
DA:12,5
DA:24,8
DA:26,8
DA:28,3
DA:34,8
DA:35,8
DA:52,1
LF:8
LH:8
BRDA:37,0,0,4
BRDA:37,0,1,4
BRDA:38,1,0,4
BRDA:38,1,1,4
BRDA:39,2,0,4
BRDA:39,2,1,4
BRDA:39,3,0,8
BRDA:39,3,1,4
BRDA:39,3,2,6
BRDA:39,3,3,4
BRF:10
BRH:10
end_of_record
TN:
SF:dia\app\modules\scenario\scenario-page\application\services\pipeline-id-holder\pipeline-id-holder.service.ts
FN:5,(anonymous_0)
FN:9,(anonymous_1)
FNF:2
FNH:2
FNDA:2,(anonymous_0)
FNDA:1,(anonymous_1)
DA:4,1
DA:6,2
DA:10,1
LF:3
LH:3
BRF:0
BRH:0
end_of_record
TN:
SF:dia\app\modules\scenario\scenario-page\application\services\pipeline-initializer-handler\pipeline-initializer-handler.service.ts
FN:19,(anonymous_0)
FN:30,(anonymous_1)
FN:34,(anonymous_2)
FN:37,(anonymous_3)
FN:52,(anonymous_4)
FN:64,(anonymous_5)
FN:67,(anonymous_6)
FN:76,(anonymous_7)
FNF:8
FNH:8
FNDA:9,(anonymous_0)
FNDA:9,(anonymous_1)
FNDA:7,(anonymous_2)
FNDA:3,(anonymous_3)
FNDA:4,(anonymous_4)
FNDA:1,(anonymous_5)
FNDA:1,(anonymous_6)
FNDA:8,(anonymous_7)
DA:16,1
DA:17,9
DA:20,9
DA:21,9
DA:22,9
DA:23,9
DA:24,9
DA:25,9
DA:26,9
DA:27,9
DA:31,9
DA:35,7
DA:36,3
DA:38,3
DA:39,3
DA:41,3
DA:50,4
DA:51,4
DA:54,4
DA:58,1
DA:65,1
DA:66,1
DA:69,1
DA:71,1
DA:77,8
DA:78,8
LF:26
LH:26
BRDA:35,0,0,3
BRDA:35,0,1,4
BRF:2
BRH:2
end_of_record
TN:
SF:dia\app\modules\scenario\scenario-page\application\services\pipeline-request-handler\pipeline-action-request-handler.service.ts
FN:19,(anonymous_0)
FN:25,(anonymous_1)
FN:29,(anonymous_2)
FN:34,(anonymous_3)
FN:39,(anonymous_4)
FN:44,(anonymous_5)
FN:53,(anonymous_6)
FN:68,(anonymous_7)
FN:73,(anonymous_8)
FN:80,(anonymous_9)
FN:83,(anonymous_10)
FN:98,(anonymous_11)
FN:118,(anonymous_12)
FN:121,(anonymous_13)
FN:136,(anonymous_14)
FN:156,(anonymous_15)
FNF:16
FNH:10
FNDA:11,(anonymous_0)
FNDA:5,(anonymous_1)
FNDA:6,(anonymous_2)
FNDA:0,(anonymous_3)
FNDA:6,(anonymous_4)
FNDA:5,(anonymous_5)
FNDA:2,(anonymous_6)
FNDA:2,(anonymous_7)
FNDA:0,(anonymous_8)
FNDA:10,(anonymous_9)
FNDA:10,(anonymous_10)
FNDA:3,(anonymous_11)
FNDA:0,(anonymous_12)
FNDA:0,(anonymous_13)
FNDA:0,(anonymous_14)
FNDA:0,(anonymous_15)
DA:12,1
DA:13,11
DA:14,11
DA:15,11
DA:16,11
DA:17,11
DA:20,11
DA:21,11
DA:22,11
DA:26,5
DA:30,6
DA:31,6
DA:35,0
DA:36,0
DA:40,6
DA:41,1
DA:44,5
DA:45,5
DA:46,5
DA:50,5
DA:54,2
DA:55,2
DA:56,1
DA:57,1
DA:59,1
DA:61,1
DA:67,1
DA:69,2
DA:70,1
DA:74,0
DA:75,0
DA:81,10
DA:83,10
DA:84,1
DA:89,1
DA:90,1
DA:93,9
DA:95,9
DA:98,3
DA:102,2
DA:105,9
DA:106,2
DA:107,2
DA:110,7
DA:114,7
DA:115,7
DA:119,0
DA:121,0
DA:122,0
DA:127,0
DA:128,0
DA:131,0
DA:133,0
DA:136,0
DA:140,0
DA:143,0
DA:144,0
DA:145,0
DA:148,0
DA:152,0
DA:153,0
DA:157,0
LF:62
LH:42
BRDA:35,0,0,0
BRDA:35,0,1,0
BRDA:40,1,0,1
BRDA:45,2,0,5
BRDA:55,3,0,1
BRDA:69,4,0,1
BRDA:83,5,0,1
BRDA:95,6,0,2
BRDA:96,7,0,9
BRDA:96,7,1,3
BRDA:96,7,2,2
BRDA:105,8,0,2
BRDA:121,9,0,0
BRDA:133,10,0,0
BRDA:134,11,0,0
BRDA:134,11,1,0
BRDA:134,11,2,0
BRDA:143,12,0,0
BRDA:157,13,0,0
BRDA:157,13,1,0
BRDA:157,13,2,0
BRF:21
BRH:10
end_of_record
TN:
SF:dia\app\modules\scenario\scenario-page\application\services\pipeline-request-handler\models\pipeline-actions.enum.ts
FN:1,(anonymous_0)
FNF:1
FNH:1
FNDA:1,(anonymous_0)
DA:1,1
DA:2,1
DA:3,1
DA:4,1
DA:5,1
DA:6,1
DA:7,1
LF:7
LH:7
BRDA:1,0,0,1
BRDA:1,0,1,1
BRF:2
BRH:2
end_of_record
TN:
SF:dia\app\modules\scenario\scenario-page\application\services\plugin-config\plugin-config-request-handler.service.ts
FN:23,(anonymous_0)
FN:29,(anonymous_1)
FN:34,(anonymous_2)
FN:59,(anonymous_3)
FN:70,(anonymous_4)
FNF:5
FNH:5
FNDA:2,(anonymous_0)
FNDA:2,(anonymous_1)
FNDA:1,(anonymous_2)
FNDA:2,(anonymous_3)
FNDA:2,(anonymous_4)
DA:20,1
DA:24,2
DA:25,2
DA:26,2
DA:27,2
DA:29,2
DA:30,2
DA:35,1
DA:36,0
DA:49,1
DA:60,2
DA:70,2
LF:12
LH:11
BRDA:35,0,0,0
BRDA:35,0,1,1
BRDA:59,1,0,0
BRDA:65,2,0,1
BRDA:65,2,1,1
BRF:5
BRH:3
end_of_record
TN:
SF:dia\app\modules\scenario\scenario-page\application\services\plugin-metadata-registration\plugin-metadata-registrar.service.ts
FN:95,(anonymous_0)
FN:190,(anonymous_1)
FN:192,(anonymous_2)
FN:199,(anonymous_3)
FN:208,(anonymous_4)
FNF:5
FNH:3
FNDA:20,(anonymous_0)
FNDA:14,(anonymous_1)
FNDA:0,(anonymous_2)
FNDA:1,(anonymous_3)
FNDA:0,(anonymous_4)
DA:95,1
DA:96,20
DA:185,20
DA:191,14
DA:192,0
DA:193,0
DA:194,0
DA:200,1
DA:201,1
DA:202,1
DA:205,0
DA:209,0
LF:12
LH:7
BRDA:191,0,0,0
BRDA:201,1,0,1
BRF:2
BRH:1
end_of_record
TN:
SF:dia\app\modules\scenario\scenario-page\application\services\topology-loader-data-convertor\topology-loader-data-convertor.service.ts
FN:7,(anonymous_0)
FN:8,(anonymous_1)
FN:12,(anonymous_2)
FN:17,(anonymous_3)
FN:22,(anonymous_4)
FNF:5
FNH:4
FNDA:3,(anonymous_0)
FNDA:1,(anonymous_1)
FNDA:0,(anonymous_2)
FNDA:1,(anonymous_3)
FNDA:1,(anonymous_4)
DA:6,1
DA:8,3
DA:13,0
DA:14,0
DA:15,0
DA:17,1
DA:22,3
DA:27,3
LF:8
LH:5
BRDA:8,0,0,3
BRDA:8,0,1,1
BRDA:13,1,0,0
BRDA:13,2,0,0
BRDA:13,2,1,0
BRDA:14,3,0,0
BRDA:14,4,0,0
BRDA:14,4,1,0
BRDA:22,5,0,3
BRDA:22,5,1,1
BRF:10
BRH:4
end_of_record
TN:
SF:dia\app\modules\scenario\scenario-page\modules\plugin-configuration\plugin-configuration-container.component.store.ts
FN:10,(anonymous_0)
FN:8,(anonymous_1)
FNF:2
FNH:2
FNDA:3,(anonymous_0)
FNDA:3,(anonymous_1)
DA:7,1
DA:8,3
DA:11,3
LF:3
LH:3
BRF:0
BRH:0
end_of_record
TN:
SF:dia\app\modules\scenario\scenario-page\modules\plugin-configuration\plugin-configuration-container.component.ts
FN:44,(anonymous_0)
FN:52,(anonymous_1)
FN:56,(anonymous_2)
FN:58,(anonymous_3)
FN:71,(anonymous_4)
FNF:5
FNH:5
FNDA:3,(anonymous_0)
FNDA:2,(anonymous_1)
FNDA:2,(anonymous_2)
FNDA:2,(anonymous_3)
FNDA:2,(anonymous_4)
DA:17,1
DA:18,3
DA:31,3
DA:45,3
DA:46,3
DA:47,3
DA:48,3
DA:49,3
DA:53,2
DA:57,2
DA:59,2
DA:61,2
DA:65,2
DA:72,2
DA:75,2
DA:77,2
LF:16
LH:16
BRDA:59,0,0,2
BRF:1
BRH:1
end_of_record
TN:
SF:dia\app\modules\scenario\scenario-page\modules\plugin-configuration\models\plugin-configuration-type.ts
FN:1,(anonymous_0)
FNF:1
FNH:1
FNDA:1,(anonymous_0)
DA:1,1
DA:2,1
DA:3,1
LF:3
LH:3
BRDA:1,0,0,1
BRDA:1,0,1,1
BRF:2
BRH:2
end_of_record
TN:
SF:dia\app\modules\scenario\scenario-page\modules\plugin-configuration\modules\column-operations\column-function\column-function-metadata.ts
FN:8,(anonymous_0)
FNF:1
FNH:0
FNDA:0,(anonymous_0)
DA:9,0
DA:10,0
DA:11,0
DA:12,0
DA:17,0
DA:29,0
DA:30,0
DA:31,0
LF:8
LH:0
BRF:0
BRH:0
end_of_record
TN:
SF:dia\app\modules\scenario\scenario-page\modules\plugin-configuration\modules\column-operations\column-function\column-function.component.ts
FN:35,(anonymous_0)
FN:42,(anonymous_1)
FN:45,(anonymous_2)
FN:50,(anonymous_3)
FN:51,(anonymous_4)
FN:57,(anonymous_5)
FN:61,(anonymous_6)
FNF:7
FNH:7
FNDA:5,(anonymous_0)
FNDA:1,(anonymous_1)
FNDA:1,(anonymous_2)
FNDA:1,(anonymous_3)
FNDA:1,(anonymous_4)
FNDA:1,(anonymous_5)
FNDA:2,(anonymous_6)
DA:22,1
DA:23,5
DA:33,5
DA:36,5
DA:37,5
DA:38,5
DA:39,5
DA:43,1
DA:46,1
DA:51,1
DA:52,1
DA:54,1
DA:58,1
DA:62,2
LF:14
LH:14
BRF:0
BRH:0
end_of_record
TN:
SF:dia\app\modules\scenario\scenario-page\modules\plugin-configuration\modules\column-operations\column-function\modules\column-function-item\column-function-item.component.ts
FN:44,(anonymous_0)
FN:49,(anonymous_1)
FN:53,(anonymous_2)
FN:57,(anonymous_3)
FN:64,(anonymous_4)
FN:68,(anonymous_5)
FN:75,(anonymous_6)
FN:82,(anonymous_7)
FN:89,(anonymous_8)
FNF:9
FNH:9
FNDA:9,(anonymous_0)
FNDA:2,(anonymous_1)
FNDA:1,(anonymous_2)
FNDA:1,(anonymous_3)
FNDA:1,(anonymous_4)
FNDA:1,(anonymous_5)
FNDA:1,(anonymous_6)
FNDA:1,(anonymous_7)
FNDA:1,(anonymous_8)
DA:19,1
DA:26,9
DA:32,9
DA:38,9
DA:39,9
DA:42,9
DA:45,9
DA:46,9
DA:50,2
DA:54,1
DA:58,1
DA:65,1
DA:69,1
DA:76,1
DA:83,1
DA:90,1
LF:16
LH:16
BRF:0
BRH:0
end_of_record
TN:
SF:dia\app\modules\scenario\scenario-page\modules\plugin-configuration\modules\column-operations\column-function\modules\column-function-item\modules\coding\coding.component.ts
FN:33,(anonymous_0)
FN:39,(anonymous_1)
FN:43,(anonymous_2)
FN:48,(anonymous_3)
FN:54,(anonymous_4)
FN:58,(anonymous_5)
FNF:6
FNH:6
FNDA:7,(anonymous_0)
FNDA:8,(anonymous_1)
FNDA:8,(anonymous_2)
FNDA:2,(anonymous_3)
FNDA:2,(anonymous_4)
FNDA:8,(anonymous_5)
DA:18,1
DA:28,7
DA:30,7
DA:31,7
DA:34,7
DA:35,7
DA:36,7
DA:40,8
DA:44,8
DA:49,2
DA:50,1
DA:55,2
DA:59,8
LF:13
LH:13
BRDA:49,0,0,1
BRDA:59,1,0,1
BRDA:59,1,1,7
BRF:3
BRH:3
end_of_record
TN:
SF:dia\app\modules\scenario\scenario-page\modules\plugin-configuration\modules\column-operations\column-function\modules\column-function-item\modules\coding\modules\column-functions-tab\column-functions-tab.component.ts
FN:39,(anonymous_0)
FN:44,(anonymous_1)
FN:47,(anonymous_2)
FN:53,(anonymous_3)
FN:57,(anonymous_4)
FN:59,(anonymous_5)
FN:64,(anonymous_6)
FN:68,(anonymous_7)
FNF:8
FNH:7
FNDA:5,(anonymous_0)
FNDA:5,(anonymous_1)
FNDA:5,(anonymous_2)
FNDA:2,(anonymous_3)
FNDA:1,(anonymous_4)
FNDA:2,(anonymous_5)
FNDA:15,(anonymous_6)
FNDA:0,(anonymous_7)
DA:13,1
DA:15,5
DA:17,5
DA:23,5
DA:29,5
DA:35,5
DA:36,5
DA:37,5
DA:40,5
DA:41,5
DA:45,5
DA:48,5
DA:49,5
DA:54,2
DA:58,1
DA:59,1
DA:60,2
DA:65,15
DA:69,0
LF:19
LH:18
BRF:0
BRH:0
end_of_record
TN:
SF:dia\app\modules\scenario\scenario-page\modules\plugin-configuration\modules\column-operations\column-function\modules\column-function-item\modules\coding\modules\input-columns-tab\input-columns-tab.component.ts
FN:19,(anonymous_0)
FN:24,(anonymous_1)
FN:27,(anonymous_2)
FN:33,(anonymous_3)
FN:37,(anonymous_4)
FN:39,(anonymous_5)
FNF:6
FNH:6
FNDA:5,(anonymous_0)
FNDA:5,(anonymous_1)
FNDA:5,(anonymous_2)
FNDA:1,(anonymous_3)
FNDA:2,(anonymous_4)
FNDA:6,(anonymous_5)
DA:11,1
DA:13,5
DA:15,5
DA:20,5
DA:21,5
DA:25,5
DA:28,5
DA:29,5
DA:34,1
DA:38,2
DA:39,2
DA:40,6
LF:12
LH:12
BRF:0
BRH:0
end_of_record
TN:
SF:dia\app\modules\scenario\scenario-page\modules\plugin-configuration\modules\column-operations\column-function\modules\column-function-item\modules\coding\modules\input-columns-tab\input-column\input-column.component.ts
FN:31,(anonymous_0)
FN:36,(anonymous_1)
FN:43,(anonymous_2)
FNF:3
FNH:3
FNDA:5,(anonymous_0)
FNDA:5,(anonymous_1)
FNDA:2,(anonymous_2)
DA:12,1
DA:17,5
DA:19,5
DA:25,5
DA:32,5
DA:33,5
DA:37,5
DA:44,2
LF:8
LH:8
BRF:0
BRH:0
end_of_record
TN:
SF:dia\app\modules\scenario\scenario-page\modules\plugin-configuration\modules\column-operations\column-function\modules\column-function-item\pipes\column-function-card-form-warning.pipe.ts
FN:16,(anonymous_0)
FN:11,(anonymous_1)
FN:18,(anonymous_2)
FNF:3
FNH:3
FNDA:2,(anonymous_0)
FNDA:2,(anonymous_1)
FNDA:2,(anonymous_2)
DA:8,1
DA:9,2
DA:11,2
DA:16,2
DA:19,2
DA:20,2
DA:21,1
DA:25,1
LF:8
LH:8
BRDA:20,0,0,1
BRF:1
BRH:1
end_of_record
TN:
SF:dia\app\modules\scenario\scenario-page\modules\plugin-configuration\modules\column-operations\column-function\store\column-function-input-structure.store.ts
FN:22,(anonymous_0)
FN:19,(anonymous_1)
FN:20,(anonymous_2)
FN:36,(anonymous_3)
FN:30,(anonymous_4)
FN:42,(anonymous_5)
FN:46,(anonymous_6)
FN:54,(anonymous_7)
FN:59,(anonymous_8)
FN:60,(anonymous_9)
FNF:10
FNH:10
FNDA:4,(anonymous_0)
FNDA:1,(anonymous_1)
FNDA:3,(anonymous_2)
FNDA:9,(anonymous_3)
FNDA:6,(anonymous_4)
FNDA:6,(anonymous_5)
FNDA:6,(anonymous_6)
FNDA:6,(anonymous_7)
FNDA:6,(anonymous_8)
FNDA:6,(anonymous_9)
DA:12,1
DA:18,1
DA:19,4
DA:20,4
DA:23,4
DA:24,4
DA:26,4
DA:27,4
DA:31,6
DA:32,6
DA:35,4
DA:39,9
DA:43,6
DA:47,6
DA:48,6
DA:49,6
DA:55,6
DA:59,6
DA:60,6
DA:67,6
LF:20
LH:20
BRDA:48,0,0,6
BRF:1
BRH:1
end_of_record
TN:
SF:dia\app\modules\scenario\scenario-page\modules\plugin-configuration\modules\column-operations\column-function\store\column-function-plugin-configuration.store.ts
FN:25,(anonymous_0)
FN:20,(anonymous_1)
FN:21,(anonymous_2)
FN:47,(anonymous_3)
FN:54,(anonymous_4)
FN:82,(anonymous_5)
FN:84,(anonymous_6)
FN:94,(anonymous_7)
FN:98,(anonymous_8)
FN:113,(anonymous_9)
FN:117,(anonymous_10)
FN:132,(anonymous_11)
FN:136,(anonymous_12)
FN:151,(anonymous_13)
FN:155,(anonymous_14)
FN:170,(anonymous_15)
FN:174,(anonymous_16)
FN:189,(anonymous_17)
FN:193,(anonymous_18)
FN:208,(anonymous_19)
FN:212,(anonymous_20)
FN:227,(anonymous_21)
FN:233,(anonymous_22)
FN:34,(anonymous_23)
FN:37,(anonymous_24)
FNF:25
FNH:15
FNDA:6,(anonymous_0)
FNDA:1,(anonymous_1)
FNDA:5,(anonymous_2)
FNDA:7,(anonymous_3)
FNDA:4,(anonymous_4)
FNDA:1,(anonymous_5)
FNDA:1,(anonymous_6)
FNDA:1,(anonymous_7)
FNDA:1,(anonymous_8)
FNDA:1,(anonymous_9)
FNDA:1,(anonymous_10)
FNDA:0,(anonymous_11)
FNDA:0,(anonymous_12)
FNDA:0,(anonymous_13)
FNDA:0,(anonymous_14)
FNDA:0,(anonymous_15)
FNDA:0,(anonymous_16)
FNDA:0,(anonymous_17)
FNDA:0,(anonymous_18)
FNDA:0,(anonymous_19)
FNDA:0,(anonymous_20)
FNDA:1,(anonymous_21)
FNDA:1,(anonymous_22)
FNDA:6,(anonymous_23)
FNDA:6,(anonymous_24)
DA:14,1
DA:19,1
DA:20,6
DA:21,6
DA:23,6
DA:26,6
DA:27,6
DA:28,6
DA:30,6
DA:31,6
DA:35,6
DA:38,6
DA:39,6
DA:41,0
DA:46,6
DA:50,7
DA:53,6
DA:55,4
DA:58,4
DA:59,0
DA:61,4
DA:64,4
DA:74,4
DA:81,6
DA:83,1
DA:84,1
DA:86,1
DA:93,6
DA:98,1
DA:99,1
DA:100,1
DA:102,0
DA:105,1
DA:112,6
DA:117,1
DA:118,1
DA:119,1
DA:121,0
DA:124,1
DA:131,6
DA:136,0
DA:137,0
DA:138,0
DA:140,0
DA:143,0
DA:150,6
DA:155,0
DA:156,0
DA:157,0
DA:159,0
DA:162,0
DA:169,6
DA:174,0
DA:175,0
DA:176,0
DA:178,0
DA:181,0
DA:188,6
DA:193,0
DA:194,0
DA:195,0
DA:197,0
DA:200,0
DA:207,6
DA:212,0
DA:213,0
DA:214,0
DA:216,0
DA:219,0
DA:226,6
DA:231,1
DA:233,1
DA:234,1
DA:235,1
DA:240,1
DA:245,0
DA:248,1
LF:77
LH:47
BRDA:58,0,0,0
BRDA:58,0,1,4
BRDA:99,1,0,1
BRDA:118,2,0,1
BRDA:137,3,0,0
BRDA:156,4,0,0
BRDA:175,5,0,0
BRDA:194,6,0,0
BRDA:213,7,0,0
BRDA:234,8,0,1
BRDA:38,9,0,6
BRDA:38,9,1,0
BRDA:38,10,0,6
BRDA:38,10,1,6
BRF:14
BRH:7
end_of_record
TN:
SF:dia\app\modules\scenario\scenario-page\modules\plugin-configuration\modules\column-operations\compare-string\compare-string-metadata.ts
FN:8,(anonymous_0)
FNF:1
FNH:0
FNDA:0,(anonymous_0)
DA:9,0
DA:10,0
DA:11,0
DA:12,0
DA:17,0
DA:36,0
DA:37,0
DA:38,0
LF:8
LH:0
BRF:0
BRH:0
end_of_record
TN:
SF:dia\app\modules\scenario\scenario-page\modules\plugin-configuration\modules\column-operations\compare-string\compare-string.component.ts
FN:10,(anonymous_0)
FNF:1
FNH:0
FNDA:0,(anonymous_0)
DA:9,1
DA:11,0
LF:2
LH:1
BRF:0
BRH:0
end_of_record
TN:
SF:dia\app\modules\scenario\scenario-page\modules\plugin-configuration\modules\column-operations\convert-to-json\convert-to-json-metadata.ts
FN:8,(anonymous_0)
FNF:1
FNH:0
FNDA:0,(anonymous_0)
DA:9,0
DA:10,0
DA:11,0
DA:12,0
DA:17,0
DA:29,0
DA:30,0
DA:31,0
LF:8
LH:0
BRF:0
BRH:0
end_of_record
TN:
SF:dia\app\modules\scenario\scenario-page\modules\plugin-configuration\modules\column-operations\convert-to-json\convert-to-json.component.ts
FN:10,(anonymous_0)
FNF:1
FNH:0
FNDA:0,(anonymous_0)
DA:9,1
DA:11,0
LF:2
LH:1
BRF:0
BRH:0
end_of_record
TN:
SF:dia\app\modules\scenario\scenario-page\modules\plugin-configuration\modules\column-operations\edit-table-field\edit-table-field-metadata.ts
FN:8,(anonymous_0)
FNF:1
FNH:0
FNDA:0,(anonymous_0)
DA:9,0
DA:10,0
DA:11,0
DA:12,0
DA:17,0
DA:29,0
DA:30,0
DA:31,0
LF:8
LH:0
BRF:0
BRH:0
end_of_record
TN:
SF:dia\app\modules\scenario\scenario-page\modules\plugin-configuration\modules\column-operations\edit-table-field\edit-table-field.component.ts
FN:10,(anonymous_0)
FNF:1
FNH:0
FNDA:0,(anonymous_0)
DA:9,1
DA:11,0
LF:2
LH:1
BRF:0
BRH:0
end_of_record
TN:
SF:dia\app\modules\scenario\scenario-page\modules\plugin-configuration\modules\column-operations\integrate-column\integrate-column-metadata.ts
FN:8,(anonymous_0)
FNF:1
FNH:0
FNDA:0,(anonymous_0)
DA:9,0
DA:10,0
DA:11,0
DA:12,0
DA:17,0
DA:29,0
DA:30,0
DA:31,0
LF:8
LH:0
BRF:0
BRH:0
end_of_record
TN:
SF:dia\app\modules\scenario\scenario-page\modules\plugin-configuration\modules\column-operations\integrate-column\integrate-column.component.ts
FN:10,(anonymous_0)
FNF:1
FNH:0
FNDA:0,(anonymous_0)
DA:9,1
DA:11,0
LF:2
LH:1
BRF:0
BRH:0
end_of_record
TN:
SF:dia\app\modules\scenario\scenario-page\modules\plugin-configuration\modules\column-operations\map-value\map-value-metadata.ts
FN:8,(anonymous_0)
FNF:1
FNH:0
FNDA:0,(anonymous_0)
DA:9,0
DA:10,0
DA:11,0
DA:12,0
DA:17,0
DA:29,0
DA:30,0
DA:31,0
LF:8
LH:0
BRF:0
BRH:0
end_of_record
TN:
SF:dia\app\modules\scenario\scenario-page\modules\plugin-configuration\modules\column-operations\map-value\map-value.component.ts
FN:10,(anonymous_0)
FNF:1
FNH:0
FNDA:0,(anonymous_0)
DA:9,1
DA:11,0
LF:2
LH:1
BRF:0
BRH:0
end_of_record
TN:
SF:dia\app\modules\scenario\scenario-page\modules\plugin-configuration\modules\column-operations\numbering-rows\numbering-rows-metadata.ts
FN:8,(anonymous_0)
FNF:1
FNH:0
FNDA:0,(anonymous_0)
DA:9,0
DA:10,0
DA:11,0
DA:12,0
DA:17,0
DA:29,0
DA:30,0
DA:31,0
LF:8
LH:0
BRF:0
BRH:0
end_of_record
TN:
SF:dia\app\modules\scenario\scenario-page\modules\plugin-configuration\modules\column-operations\numbering-rows\numbering-rows.component.ts
FN:10,(anonymous_0)
FNF:1
FNH:0
FNDA:0,(anonymous_0)
DA:9,1
DA:11,0
LF:2
LH:1
BRF:0
BRH:0
end_of_record
TN:
SF:dia\app\modules\scenario\scenario-page\modules\plugin-configuration\modules\column-operations\shared\input-output-configuration\input-output-configuration.component.ts
FN:14,(anonymous_0)
FN:41,(anonymous_1)
FNF:2
FNH:2
FNDA:6,(anonymous_0)
FNDA:2,(anonymous_1)
DA:14,1
DA:16,6
DA:25,6
DA:30,6
DA:33,6
DA:37,6
DA:42,2
DA:43,2
LF:8
LH:8
BRF:0
BRH:0
end_of_record
TN:
SF:dia\app\modules\scenario\scenario-page\modules\plugin-configuration\modules\column-operations\shared\input-output-configuration\components\input-output-configuration-item\input-output-configuration-item.component.ts
FN:32,(anonymous_0)
FN:34,(anonymous_1)
FN:54,(anonymous_2)
FN:59,(anonymous_3)
FN:64,(anonymous_4)
FNF:5
FNH:5
FNDA:10,(anonymous_0)
FNDA:9,(anonymous_1)
FNDA:1,(anonymous_2)
FNDA:1,(anonymous_3)
FNDA:1,(anonymous_4)
DA:13,1
DA:17,10
DA:22,10
DA:29,10
DA:32,10
DA:35,9
DA:55,1
DA:56,1
DA:60,1
DA:61,1
DA:65,1
DA:66,1
DA:67,1
LF:13
LH:13
BRDA:36,0,0,1
BRDA:36,0,1,8
BRDA:38,1,0,6
BRDA:38,1,1,2
BRDA:68,2,0,1
BRDA:68,2,1,0
BRDA:70,3,0,0
BRDA:70,3,1,0
BRF:8
BRH:5
end_of_record
TN:
SF:dia\app\modules\scenario\scenario-page\modules\plugin-configuration\modules\column-operations\shared\output-column\output-column.component.ts
FN:10,(anonymous_0)
FNF:1
FNH:1
FNDA:7,(anonymous_0)
DA:10,1
DA:17,7
DA:22,7
DA:30,7
LF:4
LH:4
BRF:0
BRH:0
end_of_record
TN:
SF:dia\app\modules\scenario\scenario-page\modules\plugin-configuration\modules\column-operations\split-column\split-column-metadata.ts
FN:8,(anonymous_0)
FNF:1
FNH:0
FNDA:0,(anonymous_0)
DA:9,0
DA:10,0
DA:11,0
DA:12,0
DA:17,0
DA:29,0
DA:30,0
DA:31,0
LF:8
LH:0
BRF:0
BRH:0
end_of_record
TN:
SF:dia\app\modules\scenario\scenario-page\modules\plugin-configuration\modules\column-operations\split-column\split-column.component.ts
FN:10,(anonymous_0)
FNF:1
FNH:0
FNDA:0,(anonymous_0)
DA:9,1
DA:11,0
LF:2
LH:1
BRF:0
BRH:0
end_of_record
TN:
SF:dia\app\modules\scenario\scenario-page\modules\plugin-configuration\modules\column-operations\string-cleaning\string-cleaning-metadata.ts
FN:8,(anonymous_0)
FNF:1
FNH:0
FNDA:0,(anonymous_0)
DA:9,0
DA:10,0
DA:11,0
DA:12,0
DA:17,0
DA:29,0
DA:30,0
DA:31,0
LF:8
LH:0
BRF:0
BRH:0
end_of_record
TN:
SF:dia\app\modules\scenario\scenario-page\modules\plugin-configuration\modules\column-operations\string-cleaning\string-cleaning.component.ts
FN:15,(anonymous_0)
FNF:1
FNH:1
FNDA:6,(anonymous_0)
DA:15,1
DA:17,6
DA:27,6
DA:33,6
DA:35,6
DA:39,6
LF:6
LH:6
BRF:0
BRH:0
end_of_record
TN:
SF:dia\app\modules\scenario\scenario-page\modules\plugin-configuration\modules\column-operations\string-cleaning\modules\string-cleaning-configuration\string-cleaning-configuration.component.ts
FN:15,(anonymous_0)
FN:58,(anonymous_1)
FN:63,(anonymous_2)
FNF:3
FNH:3
FNDA:12,(anonymous_0)
FNDA:2,(anonymous_1)
FNDA:2,(anonymous_2)
DA:15,1
DA:19,12
DA:29,12
DA:35,12
DA:44,12
DA:53,12
DA:56,12
DA:59,2
DA:60,2
DA:66,2
DA:67,2
LF:11
LH:11
BRF:0
BRH:0
end_of_record
TN:
SF:dia\app\modules\scenario\scenario-page\modules\plugin-configuration\modules\column-operations\string-cleaning\modules\string-cleaning-configuration\modules\string-cleaning-item\string-cleaning-item.component.ts
FN:11,(anonymous_0)
FN:23,(anonymous_1)
FN:31,(anonymous_2)
FN:35,(anonymous_3)
FNF:4
FNH:4
FNDA:4,(anonymous_0)
FNDA:4,(anonymous_1)
FNDA:8,(anonymous_2)
FNDA:1,(anonymous_3)
DA:11,1
DA:13,4
DA:18,4
DA:21,4
DA:24,4
DA:25,0
DA:32,8
DA:36,1
DA:37,1
LF:9
LH:8
BRDA:24,0,0,0
BRF:1
BRH:0
end_of_record
TN:
SF:dia\app\modules\scenario\scenario-page\modules\plugin-configuration\modules\column-operations\string-cleaning\modules\string-cleaning-configuration\modules\string-cleaning-item\components\cascader-label\cascader-label.component.ts
FN:8,(anonymous_0)
FNF:1
FNH:1
FNDA:3,(anonymous_0)
DA:8,1
DA:10,3
LF:2
LH:2
BRF:0
BRH:0
end_of_record
TN:
SF:dia\app\modules\scenario\scenario-page\modules\plugin-configuration\modules\column-operations\string-cleaning\modules\string-cleaning-list-item\string-cleaning-list-item.component.ts
FN:13,(anonymous_0)
FN:32,(anonymous_1)
FNF:2
FNH:2
FNDA:5,(anonymous_0)
FNDA:4,(anonymous_1)
DA:13,1
DA:15,5
DA:20,5
DA:26,5
DA:33,4
LF:5
LH:5
BRF:0
BRH:0
end_of_record
TN:
SF:dia\app\modules\scenario\scenario-page\modules\plugin-configuration\modules\column-operations\validate-table\validate-table-metadata.ts
FN:8,(anonymous_0)
FNF:1
FNH:0
FNDA:0,(anonymous_0)
DA:9,0
DA:10,0
DA:11,0
DA:12,0
DA:17,0
DA:29,0
DA:30,0
DA:31,0
LF:8
LH:0
BRF:0
BRH:0
end_of_record
TN:
SF:dia\app\modules\scenario\scenario-page\modules\plugin-configuration\modules\column-operations\validate-table\validate-table.component.ts
FN:10,(anonymous_0)
FNF:1
FNH:0
FNDA:0,(anonymous_0)
DA:9,1
DA:11,0
LF:2
LH:1
BRF:0
BRH:0
end_of_record
TN:
SF:dia\app\modules\scenario\scenario-page\modules\plugin-configuration\modules\common-operations\loop\loop-metadata.ts
FN:8,(anonymous_0)
FNF:1
FNH:0
FNDA:0,(anonymous_0)
DA:9,0
DA:10,0
DA:11,0
DA:12,0
DA:17,0
DA:24,0
DA:25,0
DA:26,0
LF:8
LH:0
BRF:0
BRH:0
end_of_record
TN:
SF:dia\app\modules\scenario\scenario-page\modules\plugin-configuration\modules\common-operations\loop\loop.component.ts
FN:10,(anonymous_0)
FNF:1
FNH:0
FNDA:0,(anonymous_0)
DA:9,1
DA:11,0
LF:2
LH:1
BRF:0
BRH:0
end_of_record
TN:
SF:dia\app\modules\scenario\scenario-page\modules\plugin-configuration\modules\common-operations\manage-data-structure\manage-data-structure-metadata.ts
FN:8,(anonymous_0)
FNF:1
FNH:0
FNDA:0,(anonymous_0)
DA:9,0
DA:10,0
DA:11,0
DA:12,0
DA:17,0
DA:29,0
DA:30,0
DA:31,0
LF:8
LH:0
BRF:0
BRH:0
end_of_record
TN:
SF:dia\app\modules\scenario\scenario-page\modules\plugin-configuration\modules\common-operations\manage-data-structure\manage-data-structure.component.ts
FN:10,(anonymous_0)
FNF:1
FNH:0
FNDA:0,(anonymous_0)
DA:9,1
DA:11,0
LF:2
LH:1
BRF:0
BRH:0
end_of_record
TN:
SF:dia\app\modules\scenario\scenario-page\modules\plugin-configuration\modules\common-operations\manage-table-index\manage-table-index-metadata.ts
FN:8,(anonymous_0)
FNF:1
FNH:0
FNDA:0,(anonymous_0)
DA:9,0
DA:10,0
DA:11,0
DA:12,0
DA:17,0
DA:29,0
DA:30,0
DA:31,0
LF:8
LH:0
BRF:0
BRH:0
end_of_record
TN:
SF:dia\app\modules\scenario\scenario-page\modules\plugin-configuration\modules\common-operations\manage-table-index\manage-table-index.component.ts
FN:10,(anonymous_0)
FNF:1
FNH:0
FNDA:0,(anonymous_0)
DA:9,1
DA:11,0
LF:2
LH:1
BRF:0
BRH:0
end_of_record
TN:
SF:dia\app\modules\scenario\scenario-page\modules\plugin-configuration\modules\common-operations\manage-table-structure\manage-table-structure-metadata.ts
FN:8,(anonymous_0)
FNF:1
FNH:0
FNDA:0,(anonymous_0)
DA:9,0
DA:10,0
DA:11,0
DA:12,0
DA:17,0
DA:29,0
DA:30,0
DA:31,0
LF:8
LH:0
BRF:0
BRH:0
end_of_record
TN:
SF:dia\app\modules\scenario\scenario-page\modules\plugin-configuration\modules\common-operations\manage-table-structure\manage-table-structure.component.ts
FN:10,(anonymous_0)
FNF:1
FNH:0
FNDA:0,(anonymous_0)
DA:9,1
DA:11,0
LF:2
LH:1
BRF:0
BRH:0
end_of_record
TN:
SF:dia\app\modules\scenario\scenario-page\modules\plugin-configuration\modules\common-operations\sync-flow\sync-flow-metadata.ts
FN:8,(anonymous_0)
FNF:1
FNH:0
FNDA:0,(anonymous_0)
DA:9,0
DA:10,0
DA:11,0
DA:12,0
DA:17,0
DA:24,0
DA:25,0
DA:26,0
LF:8
LH:0
BRF:0
BRH:0
end_of_record
TN:
SF:dia\app\modules\scenario\scenario-page\modules\plugin-configuration\modules\common-operations\sync-flow\sync-flow.component.ts
FN:10,(anonymous_0)
FNF:1
FNH:0
FNDA:0,(anonymous_0)
DA:9,1
DA:11,0
LF:2
LH:1
BRF:0
BRH:0
end_of_record
TN:
SF:dia\app\modules\scenario\scenario-page\modules\plugin-configuration\modules\common-operations\temp-storage\temp-storage-metadata.ts
FN:8,(anonymous_0)
FNF:1
FNH:0
FNDA:0,(anonymous_0)
DA:9,0
DA:10,0
DA:11,0
DA:12,0
DA:17,0
DA:29,0
DA:30,0
DA:31,0
LF:8
LH:0
BRF:0
BRH:0
end_of_record
TN:
SF:dia\app\modules\scenario\scenario-page\modules\plugin-configuration\modules\common-operations\temp-storage\temp-storage.component.ts
FN:31,(anonymous_0)
FN:48,(anonymous_1)
FN:53,(anonymous_2)
FN:60,(anonymous_3)
FN:65,(anonymous_4)
FN:66,(anonymous_5)
FNF:6
FNH:6
FNDA:5,(anonymous_0)
FNDA:3,(anonymous_1)
FNDA:1,(anonymous_2)
FNDA:2,(anonymous_3)
FNDA:1,(anonymous_4)
FNDA:1,(anonymous_5)
DA:18,1
DA:20,5
DA:32,5
DA:33,5
DA:34,5
DA:35,5
DA:36,5
DA:38,5
DA:49,3
DA:51,3
DA:54,1
DA:55,1
DA:58,3
DA:61,2
DA:66,1
DA:67,1
DA:69,1
LF:17
LH:17
BRF:0
BRH:0
end_of_record
TN:
SF:dia\app\modules\scenario\scenario-page\modules\plugin-configuration\modules\common-operations\temp-storage\components\temp-storage-content\temp-storage-content.component.ts
FN:78,(anonymous_0)
FN:88,(anonymous_1)
FN:95,(anonymous_2)
FN:101,(anonymous_3)
FN:122,(anonymous_4)
FN:130,(anonymous_5)
FN:139,(anonymous_6)
FNF:7
FNH:7
FNDA:9,(anonymous_0)
FNDA:9,(anonymous_1)
FNDA:5,(anonymous_2)
FNDA:1,(anonymous_3)
FNDA:1,(anonymous_4)
FNDA:1,(anonymous_5)
FNDA:1,(anonymous_6)
DA:31,1
DA:32,9
DA:33,9
DA:61,9
DA:79,9
DA:80,9
DA:81,9
DA:82,9
DA:83,9
DA:84,9
DA:85,9
DA:89,9
DA:90,9
DA:92,9
DA:96,5
DA:97,5
DA:102,1
DA:103,0
DA:109,0
DA:110,0
DA:112,1
DA:119,1
DA:123,1
DA:131,1
DA:140,1
LF:25
LH:22
BRDA:102,0,0,0
BRF:1
BRH:0
end_of_record
TN:
SF:dia\app\modules\scenario\scenario-page\modules\plugin-configuration\modules\common-operations\temp-storage\components\temp-storage-content\component-store\temp-storage-configuration-content.component.store.ts
FN:15,(anonymous_0)
FN:12,(anonymous_1)
FN:37,(anonymous_2)
FNF:3
FNH:0
FNDA:0,(anonymous_0)
FNDA:0,(anonymous_1)
FNDA:0,(anonymous_2)
DA:10,1
DA:11,0
DA:12,0
DA:16,0
DA:36,0
DA:41,0
LF:6
LH:1
BRDA:41,0,0,0
BRDA:41,0,1,0
BRF:2
BRH:0
end_of_record
TN:
SF:dia\app\modules\scenario\scenario-page\modules\plugin-configuration\modules\common-operations\temp-storage\components\temp-storage-content\models\data-destination-type.ts
FN:1,(anonymous_0)
FNF:1
FNH:1
FNDA:1,(anonymous_0)
DA:1,1
DA:2,1
DA:3,1
DA:4,1
DA:5,1
LF:5
LH:5
BRDA:1,0,0,1
BRDA:1,0,1,1
BRF:2
BRH:2
end_of_record
TN:
SF:dia\app\modules\scenario\scenario-page\modules\plugin-configuration\modules\common-operations\temp-storage\components\temp-storage-content\pipes\processor-type.pipe.ts
FN:8,(anonymous_0)
FN:10,(anonymous_1)
FNF:2
FNH:2
FNDA:2,(anonymous_0)
FNDA:1,(anonymous_1)
DA:7,1
DA:8,2
DA:11,1
LF:3
LH:3
BRF:0
BRH:0
end_of_record
TN:
SF:dia\app\modules\scenario\scenario-page\modules\plugin-configuration\modules\common-operations\temp-storage\components\temp-storage-content\services\connected-table-configuration-provider.service.ts
FN:13,(anonymous_0)
FN:19,(anonymous_1)
FN:22,(anonymous_2)
FN:29,(anonymous_3)
FN:38,(anonymous_4)
FNF:5
FNH:5
FNDA:2,(anonymous_0)
FNDA:1,(anonymous_1)
FNDA:1,(anonymous_2)
FNDA:1,(anonymous_3)
FNDA:1,(anonymous_4)
DA:10,1
DA:11,2
DA:14,2
DA:15,2
DA:16,2
DA:20,1
DA:23,1
DA:24,1
DA:31,1
DA:32,1
DA:33,1
DA:34,1
DA:39,1
LF:13
LH:13
BRDA:23,0,0,1
BRDA:33,1,0,1
BRF:2
BRH:2
end_of_record
TN:
SF:dia\app\modules\scenario\scenario-page\modules\plugin-configuration\modules\common-operations\temp-storage\components\temp-storage-content\services\processor-type.mapper.service.ts
FN:6,(anonymous_0)
FN:18,(anonymous_1)
FN:19,(anonymous_2)
FN:30,(anonymous_3)
FNF:4
FNH:4
FNDA:7,(anonymous_0)
FNDA:6,(anonymous_1)
FNDA:7,(anonymous_2)
FNDA:5,(anonymous_3)
DA:6,1
DA:7,7
DA:9,7
DA:19,6
DA:20,7
DA:22,7
DA:23,4
DA:25,3
DA:31,5
LF:9
LH:9
BRDA:22,0,0,4
BRDA:22,0,1,3
BRF:2
BRH:2
end_of_record
TN:
SF:dia\app\modules\scenario\scenario-page\modules\plugin-configuration\modules\common-operations\temp-storage\components\temp-storage-content\services\temp-processor-option-provider.service.ts
FN:10,(anonymous_0)
FN:12,(anonymous_1)
FN:18,(anonymous_2)
FNF:3
FNH:3
FNDA:5,(anonymous_0)
FNDA:4,(anonymous_1)
FNDA:4,(anonymous_2)
DA:7,1
DA:8,5
DA:10,5
DA:13,4
DA:14,4
DA:18,4
DA:24,1
LF:7
LH:7
BRF:0
BRH:0
end_of_record
TN:
SF:dia\app\modules\scenario\scenario-page\modules\plugin-configuration\modules\data-warehouse\get-dw-information\get-dw-information-metadata.ts
FN:8,(anonymous_0)
FNF:1
FNH:0
FNDA:0,(anonymous_0)
DA:9,0
DA:10,0
DA:11,0
DA:12,0
DA:17,0
DA:18,0
DA:19,0
DA:20,0
LF:8
LH:0
BRF:0
BRH:0
end_of_record
TN:
SF:dia\app\modules\scenario\scenario-page\modules\plugin-configuration\modules\data-warehouse\get-dw-information\get-dw-information.component.ts
FN:10,(anonymous_0)
FNF:1
FNH:0
FNDA:0,(anonymous_0)
DA:9,1
DA:11,0
LF:2
LH:1
BRF:0
BRH:0
end_of_record
TN:
SF:dia\app\modules\scenario\scenario-page\modules\plugin-configuration\modules\data-warehouse\read-from-dw\read-from-dw-metadata.ts
FN:8,(anonymous_0)
FNF:1
FNH:0
FNDA:0,(anonymous_0)
DA:9,0
DA:10,0
DA:11,0
DA:12,0
DA:17,0
DA:24,0
DA:25,0
DA:26,0
LF:8
LH:0
BRF:0
BRH:0
end_of_record
TN:
SF:dia\app\modules\scenario\scenario-page\modules\plugin-configuration\modules\data-warehouse\read-from-dw\read-from-dw.component.ts
FN:10,(anonymous_0)
FNF:1
FNH:0
FNDA:0,(anonymous_0)
DA:9,1
DA:11,0
LF:2
LH:1
BRF:0
BRH:0
end_of_record
TN:
SF:dia\app\modules\scenario\scenario-page\modules\plugin-configuration\modules\data-warehouse\update-items-in-dw\update-items-in-dw-metadata.ts
FN:8,(anonymous_0)
FNF:1
FNH:0
FNDA:0,(anonymous_0)
DA:9,0
DA:10,0
DA:11,0
DA:12,0
DA:17,0
DA:24,0
DA:25,0
DA:26,0
LF:8
LH:0
BRF:0
BRH:0
end_of_record
TN:
SF:dia\app\modules\scenario\scenario-page\modules\plugin-configuration\modules\data-warehouse\update-items-in-dw\update-items-in-dw.component.ts
FN:10,(anonymous_0)
FNF:1
FNH:0
FNDA:0,(anonymous_0)
DA:9,1
DA:11,0
LF:2
LH:1
BRF:0
BRH:0
end_of_record
TN:
SF:dia\app\modules\scenario\scenario-page\modules\plugin-configuration\modules\data-warehouse\upload-items-to-dw\upload-items-to-dw-metadata.ts
FN:8,(anonymous_0)
FNF:1
FNH:0
FNDA:0,(anonymous_0)
DA:9,0
DA:10,0
DA:11,0
DA:12,0
DA:17,0
DA:24,0
DA:25,0
DA:26,0
LF:8
LH:0
BRF:0
BRH:0
end_of_record
TN:
SF:dia\app\modules\scenario\scenario-page\modules\plugin-configuration\modules\data-warehouse\upload-items-to-dw\upload-items-to-dw.component.ts
FN:10,(anonymous_0)
FNF:1
FNH:0
FNDA:0,(anonymous_0)
DA:9,1
DA:11,0
LF:2
LH:1
BRF:0
BRH:0
end_of_record
TN:
SF:dia\app\modules\scenario\scenario-page\modules\plugin-configuration\modules\data-warehouse\upload-records-to-dw\upload-records-to-dw-metadata.ts
FN:8,(anonymous_0)
FNF:1
FNH:0
FNDA:0,(anonymous_0)
DA:9,0
DA:10,0
DA:11,0
DA:12,0
DA:17,0
DA:24,0
DA:25,0
DA:26,0
LF:8
LH:0
BRF:0
BRH:0
end_of_record
TN:
SF:dia\app\modules\scenario\scenario-page\modules\plugin-configuration\modules\data-warehouse\upload-records-to-dw\upload-records-to-dw.component.ts
FN:10,(anonymous_0)
FNF:1
FNH:0
FNDA:0,(anonymous_0)
DA:9,1
DA:11,0
LF:2
LH:1
BRF:0
BRH:0
end_of_record
TN:
SF:dia\app\modules\scenario\scenario-page\modules\plugin-configuration\modules\data-warehouse\upload-to-pa-dw\upload-to-pa-dw-metadata.ts
FN:8,(anonymous_0)
FNF:1
FNH:0
FNDA:0,(anonymous_0)
DA:9,0
DA:10,0
DA:11,0
DA:12,0
DA:17,0
DA:24,0
DA:25,0
DA:26,0
LF:8
LH:0
BRF:0
BRH:0
end_of_record
TN:
SF:dia\app\modules\scenario\scenario-page\modules\plugin-configuration\modules\data-warehouse\upload-to-pa-dw\upload-to-pa-dw.component.ts
FN:10,(anonymous_0)
FNF:1
FNH:0
FNDA:0,(anonymous_0)
DA:9,1
DA:11,0
LF:2
LH:1
BRF:0
BRH:0
end_of_record
TN:
SF:dia\app\modules\scenario\scenario-page\modules\plugin-configuration\modules\database\database-add-entity\database-add-entity-metadata.ts
FN:8,(anonymous_0)
FNF:1
FNH:0
FNDA:0,(anonymous_0)
DA:9,0
DA:10,0
DA:11,0
DA:12,0
DA:17,0
DA:24,0
DA:25,0
DA:26,0
LF:8
LH:0
BRF:0
BRH:0
end_of_record
TN:
SF:dia\app\modules\scenario\scenario-page\modules\plugin-configuration\modules\database\database-add-entity\database-add-entity.component.ts
FN:10,(anonymous_0)
FNF:1
FNH:0
FNDA:0,(anonymous_0)
DA:9,1
DA:11,0
LF:2
LH:1
BRF:0
BRH:0
end_of_record
TN:
SF:dia\app\modules\scenario\scenario-page\modules\plugin-configuration\modules\database\database-delete-row\database-delete-row-metadata.ts
FN:8,(anonymous_0)
FNF:1
FNH:0
FNDA:0,(anonymous_0)
DA:9,0
DA:10,0
DA:11,0
DA:12,0
DA:17,0
DA:29,0
DA:30,0
DA:31,0
LF:8
LH:0
BRF:0
BRH:0
end_of_record
TN:
SF:dia\app\modules\scenario\scenario-page\modules\plugin-configuration\modules\database\database-delete-row\database-delete-row.component.ts
FN:10,(anonymous_0)
FNF:1
FNH:0
FNDA:0,(anonymous_0)
DA:9,1
DA:11,0
LF:2
LH:1
BRF:0
BRH:0
end_of_record
TN:
SF:dia\app\modules\scenario\scenario-page\modules\plugin-configuration\modules\database\database-delete-table\database-delete-table-metadata.ts
FN:8,(anonymous_0)
FNF:1
FNH:0
FNDA:0,(anonymous_0)
DA:9,0
DA:10,0
DA:11,0
DA:12,0
DA:17,0
DA:18,0
DA:19,0
DA:20,0
LF:8
LH:0
BRF:0
BRH:0
end_of_record
TN:
SF:dia\app\modules\scenario\scenario-page\modules\plugin-configuration\modules\database\database-delete-table\database-delete-table.component.ts
FN:10,(anonymous_0)
FNF:1
FNH:0
FNDA:0,(anonymous_0)
DA:9,1
DA:11,0
LF:2
LH:1
BRF:0
BRH:0
end_of_record
TN:
SF:dia\app\modules\scenario\scenario-page\modules\plugin-configuration\modules\database\database-get-information\database-get-information-metadata.ts
FN:8,(anonymous_0)
FNF:1
FNH:0
FNDA:0,(anonymous_0)
DA:9,0
DA:10,0
DA:11,0
DA:12,0
DA:17,0
DA:31,0
DA:32,0
DA:33,0
LF:8
LH:0
BRF:0
BRH:0
end_of_record
TN:
SF:dia\app\modules\scenario\scenario-page\modules\plugin-configuration\modules\database\database-get-information\database-get-information.component.ts
FN:10,(anonymous_0)
FNF:1
FNH:0
FNDA:0,(anonymous_0)
DA:9,1
DA:11,0
LF:2
LH:1
BRF:0
BRH:0
end_of_record
TN:
SF:dia\app\modules\scenario\scenario-page\modules\plugin-configuration\modules\database\database-read\database-read-metadata.ts
FN:8,(anonymous_0)
FNF:1
FNH:0
FNDA:0,(anonymous_0)
DA:9,0
DA:10,0
DA:11,0
DA:12,0
DA:17,0
DA:18,0
DA:19,0
DA:20,0
LF:8
LH:0
BRF:0
BRH:0
end_of_record
TN:
SF:dia\app\modules\scenario\scenario-page\modules\plugin-configuration\modules\database\database-read\database-read.component.ts
FN:13,(anonymous_0)
FNF:1
FNH:1
FNDA:5,(anonymous_0)
DA:13,1
DA:15,5
DA:18,5
DA:24,5
DA:27,5
LF:5
LH:5
BRF:0
BRH:0
end_of_record
TN:
SF:dia\app\modules\scenario\scenario-page\modules\plugin-configuration\modules\database\database-stored-procedure-execution\database-stored-procedure-execution-metadata.ts
FN:8,(anonymous_0)
FNF:1
FNH:0
FNDA:0,(anonymous_0)
DA:9,0
DA:10,0
DA:11,0
DA:12,0
DA:17,0
DA:24,0
DA:25,0
DA:26,0
LF:8
LH:0
BRF:0
BRH:0
end_of_record
TN:
SF:dia\app\modules\scenario\scenario-page\modules\plugin-configuration\modules\database\database-stored-procedure-execution\database-stored-procedure-execution.component.ts
FN:10,(anonymous_0)
FNF:1
FNH:0
FNDA:0,(anonymous_0)
DA:9,1
DA:11,0
LF:2
LH:1
BRF:0
BRH:0
end_of_record
TN:
SF:dia\app\modules\scenario\scenario-page\modules\plugin-configuration\modules\database\database-update\database-update-metadata.ts
FN:8,(anonymous_0)
FNF:1
FNH:0
FNDA:0,(anonymous_0)
DA:9,0
DA:10,0
DA:11,0
DA:12,0
DA:17,0
DA:29,0
DA:30,0
DA:31,0
LF:8
LH:0
BRF:0
BRH:0
end_of_record
TN:
SF:dia\app\modules\scenario\scenario-page\modules\plugin-configuration\modules\database\database-update\database-update.component.ts
FN:13,(anonymous_0)
FNF:1
FNH:1
FNDA:7,(anonymous_0)
DA:13,1
DA:15,7
DA:21,7
DA:24,7
DA:27,7
LF:5
LH:5
BRF:0
BRH:0
end_of_record
TN:
SF:dia\app\modules\scenario\scenario-page\modules\plugin-configuration\modules\database\shared\database-connection-configuration\database-connection-configuration.component.ts
FN:9,(anonymous_0)
FNF:1
FNH:1
FNDA:2,(anonymous_0)
DA:9,1
DA:11,2
LF:2
LH:2
BRF:0
BRH:0
end_of_record
TN:
SF:dia\app\modules\scenario\scenario-page\modules\plugin-configuration\modules\database\shared\database-connection-configuration\components\database-connection-configuration-form\database-connection-configuration-form.component.ts
FN:9,(anonymous_0)
FNF:1
FNH:1
FNDA:6,(anonymous_0)
DA:9,1
DA:11,6
LF:2
LH:2
BRF:0
BRH:0
end_of_record
TN:
SF:dia\app\modules\scenario\scenario-page\modules\plugin-configuration\modules\database\shared\database-connection-configuration\components\database-connection-configuration-form\components\database-connection-configuration-item\database-connection-configuration-item.component.ts
FN:10,(anonymous_0)
FN:28,(anonymous_1)
FNF:2
FNH:2
FNDA:11,(anonymous_0)
FNDA:4,(anonymous_1)
DA:10,1
DA:12,11
DA:15,11
DA:18,11
DA:21,11
DA:23,11
DA:29,4
DA:30,4
LF:8
LH:8
BRF:0
BRH:0
end_of_record
TN:
SF:dia\app\modules\scenario\scenario-page\modules\plugin-configuration\modules\database\shared\database-connection-configuration\components\database-connection-configuration-header\database-connection-configuration-header.component.ts
FNF:0
FNH:0
DA:8,1
LF:1
LH:1
BRF:0
BRH:0
end_of_record
TN:
SF:dia\app\modules\scenario\scenario-page\modules\plugin-configuration\modules\database\shared\database-selective-tables-configuration\database-selective-tables-configuration.component.ts
FN:13,(anonymous_0)
FNF:1
FNH:1
FNDA:5,(anonymous_0)
DA:13,1
DA:15,5
DA:23,5
DA:29,5
DA:31,5
LF:5
LH:5
BRF:0
BRH:0
end_of_record
TN:
SF:dia\app\modules\scenario\scenario-page\modules\plugin-configuration\modules\database\shared\database-selective-tables-configuration\components\database-selective-tables-configuration-item\database-selective-tables-configuration-item.component.ts
FN:36,(anonymous_0)
FN:41,(anonymous_1)
FN:46,(anonymous_2)
FN:48,(anonymous_3)
FNF:4
FNH:4
FNDA:1,(anonymous_0)
FNDA:1,(anonymous_1)
FNDA:7,(anonymous_2)
FNDA:6,(anonymous_3)
DA:13,1
DA:19,7
DA:25,7
DA:31,7
DA:37,1
DA:38,1
DA:42,1
DA:43,1
DA:46,7
DA:49,6
LF:10
LH:10
BRDA:50,0,0,1
BRDA:50,0,1,5
BRF:2
BRH:2
end_of_record
TN:
SF:dia\app\modules\scenario\scenario-page\modules\plugin-configuration\modules\database\shared\database-update-columns-configuration\database-update-columns-configuration.component.ts
FN:13,(anonymous_0)
FNF:1
FNH:1
FNDA:5,(anonymous_0)
DA:13,1
DA:15,5
DA:26,5
DA:28,5
LF:4
LH:4
BRF:0
BRH:0
end_of_record
TN:
SF:dia\app\modules\scenario\scenario-page\modules\plugin-configuration\modules\database\shared\database-update-columns-configuration\components\database-update-columns-configuration-item\database-update-columns-configuration-item.component.ts
FN:76,(anonymous_0)
FN:78,(anonymous_1)
FN:85,(anonymous_2)
FN:89,(anonymous_3)
FN:93,(anonymous_4)
FN:98,(anonymous_5)
FN:103,(anonymous_6)
FNF:7
FNH:5
FNDA:17,(anonymous_0)
FNDA:16,(anonymous_1)
FNDA:0,(anonymous_2)
FNDA:0,(anonymous_3)
FNDA:3,(anonymous_4)
FNDA:2,(anonymous_5)
FNDA:2,(anonymous_6)
DA:14,1
DA:20,17
DA:26,17
DA:35,17
DA:40,17
DA:52,17
DA:64,17
DA:76,17
DA:79,16
DA:86,0
DA:90,0
DA:94,3
DA:95,3
DA:99,2
DA:100,2
DA:104,2
DA:105,2
LF:17
LH:15
BRDA:80,0,0,4
BRDA:80,0,1,12
BRF:2
BRH:2
end_of_record
TN:
SF:dia\app\modules\scenario\scenario-page\modules\plugin-configuration\modules\execution-code\custom-code\custom-code-metadata.ts
FN:8,(anonymous_0)
FNF:1
FNH:0
FNDA:0,(anonymous_0)
DA:9,0
DA:10,0
DA:11,0
DA:12,0
DA:17,0
DA:24,0
DA:25,0
DA:26,0
LF:8
LH:0
BRF:0
BRH:0
end_of_record
TN:
SF:dia\app\modules\scenario\scenario-page\modules\plugin-configuration\modules\execution-code\custom-code\custom-code.component.ts
FN:10,(anonymous_0)
FNF:1
FNH:0
FNDA:0,(anonymous_0)
DA:9,1
DA:11,0
LF:2
LH:1
BRF:0
BRH:0
end_of_record
TN:
SF:dia\app\modules\scenario\scenario-page\modules\plugin-configuration\modules\execution-code\sql-execution\collpase-card.animation.ts
FNF:0
FNH:0
DA:3,1
LF:1
LH:1
BRF:0
BRH:0
end_of_record
TN:
SF:dia\app\modules\scenario\scenario-page\modules\plugin-configuration\modules\execution-code\sql-execution\sql-execution-metadata.ts
FN:8,(anonymous_0)
FNF:1
FNH:0
FNDA:0,(anonymous_0)
DA:9,0
DA:10,0
DA:11,0
DA:12,0
DA:17,0
DA:29,0
DA:30,0
DA:31,0
LF:8
LH:0
BRF:0
BRH:0
end_of_record
TN:
SF:dia\app\modules\scenario\scenario-page\modules\plugin-configuration\modules\execution-code\sql-execution\sql-execution-plugin-providers.ts
FNF:0
FNH:0
DA:7,1
LF:1
LH:1
BRF:0
BRH:0
end_of_record
TN:
SF:dia\app\modules\scenario\scenario-page\modules\plugin-configuration\modules\execution-code\sql-execution\sql-execution.component.ts
FN:48,(anonymous_0)
FN:55,(anonymous_1)
FN:58,(anonymous_2)
FN:60,(anonymous_3)
FN:69,(anonymous_4)
FN:74,(anonymous_5)
FN:78,(anonymous_6)
FN:84,(anonymous_7)
FN:88,(anonymous_8)
FN:92,(anonymous_9)
FN:98,(anonymous_10)
FN:102,(anonymous_11)
FN:106,(anonymous_12)
FNF:13
FNH:8
FNDA:6,(anonymous_0)
FNDA:1,(anonymous_1)
FNDA:1,(anonymous_2)
FNDA:2,(anonymous_3)
FNDA:0,(anonymous_4)
FNDA:1,(anonymous_5)
FNDA:1,(anonymous_6)
FNDA:0,(anonymous_7)
FNDA:0,(anonymous_8)
FNDA:1,(anonymous_9)
FNDA:1,(anonymous_10)
FNDA:0,(anonymous_11)
FNDA:0,(anonymous_12)
DA:22,1
DA:23,6
DA:32,6
DA:37,6
DA:43,6
DA:44,6
DA:49,6
DA:50,6
DA:51,6
DA:52,6
DA:56,1
DA:59,1
DA:60,2
DA:67,1
DA:70,0
DA:75,1
DA:79,1
DA:80,1
DA:81,1
DA:85,0
DA:89,0
DA:93,1
DA:94,1
DA:99,1
DA:103,0
DA:107,0
LF:26
LH:21
BRDA:93,0,0,1
BRF:1
BRH:1
end_of_record
TN:
SF:dia\app\modules\scenario\scenario-page\modules\plugin-configuration\modules\execution-code\sql-execution\components\sql-execution-ng-deep\sql-execution-ng-deep.component.ts
FNF:0
FNH:0
DA:9,1
LF:1
LH:1
BRF:0
BRH:0
end_of_record
TN:
SF:dia\app\modules\scenario\scenario-page\modules\plugin-configuration\modules\execution-code\sql-execution\modules\code-settings\code-settings.component.ts
FN:38,(anonymous_0)
FN:43,(anonymous_1)
FN:45,(anonymous_2)
FN:51,(anonymous_3)
FN:57,(anonymous_4)
FN:61,(anonymous_5)
FN:68,(anonymous_6)
FN:72,(anonymous_7)
FN:76,(anonymous_8)
FN:80,(anonymous_9)
FN:81,(anonymous_10)
FN:86,(anonymous_11)
FN:94,(anonymous_12)
FN:100,(anonymous_13)
FNF:14
FNH:14
FNDA:11,(anonymous_0)
FNDA:10,(anonymous_1)
FNDA:10,(anonymous_2)
FNDA:10,(anonymous_3)
FNDA:11,(anonymous_4)
FNDA:1,(anonymous_5)
FNDA:1,(anonymous_6)
FNDA:12,(anonymous_7)
FNDA:2,(anonymous_8)
FNDA:4,(anonymous_9)
FNDA:4,(anonymous_10)
FNDA:1,(anonymous_11)
FNDA:1,(anonymous_12)
FNDA:10,(anonymous_13)
DA:19,1
DA:22,11
DA:24,11
DA:25,11
DA:26,11
DA:28,11
DA:29,11
DA:30,11
DA:32,11
DA:33,11
DA:39,11
DA:40,11
DA:44,10
DA:46,10
DA:50,10
DA:52,10
DA:58,11
DA:62,1
DA:63,1
DA:64,1
DA:69,1
DA:73,12
DA:77,2
DA:81,4
DA:82,4
DA:87,1
DA:95,1
DA:96,1
DA:101,10
LF:29
LH:29
BRDA:62,0,0,1
BRDA:64,1,0,1
BRDA:64,1,1,0
BRDA:95,2,0,1
BRDA:101,3,0,1
BRDA:101,3,1,9
BRF:6
BRH:5
end_of_record
TN:
SF:dia\app\modules\scenario\scenario-page\modules\plugin-configuration\modules\execution-code\sql-execution\modules\code-settings\modules\tables-and-columns-container\tables-and-columns-container.component.ts
FN:30,(anonymous_0)
FN:38,(anonymous_1)
FN:42,(anonymous_2)
FN:43,(anonymous_3)
FN:49,(anonymous_4)
FN:56,(anonymous_5)
FN:62,(anonymous_6)
FN:66,(anonymous_7)
FN:72,(anonymous_8)
FN:76,(anonymous_9)
FNF:10
FNH:10
FNDA:8,(anonymous_0)
FNDA:15,(anonymous_1)
FNDA:15,(anonymous_2)
FNDA:15,(anonymous_3)
FNDA:1,(anonymous_4)
FNDA:3,(anonymous_5)
FNDA:1,(anonymous_6)
FNDA:1,(anonymous_7)
FNDA:1,(anonymous_8)
FNDA:1,(anonymous_9)
DA:16,1
DA:19,8
DA:22,8
DA:24,8
DA:26,8
DA:27,8
DA:31,8
DA:32,8
DA:33,8
DA:34,8
DA:35,8
DA:39,15
DA:43,15
DA:44,15
DA:45,15
DA:50,1
DA:51,1
DA:57,3
DA:58,3
DA:59,3
DA:63,1
DA:67,1
DA:68,1
DA:73,1
DA:77,1
DA:78,1
DA:79,1
LF:27
LH:27
BRDA:67,0,0,1
BRDA:78,1,0,1
BRF:2
BRH:2
end_of_record
TN:
SF:dia\app\modules\scenario\scenario-page\modules\plugin-configuration\modules\execution-code\sql-execution\modules\code-settings\modules\tables-and-columns-container\components\column-details\column-details.component.ts
FN:31,(anonymous_0)
FN:36,(anonymous_1)
FN:43,(anonymous_2)
FNF:3
FNH:3
FNDA:6,(anonymous_0)
FNDA:6,(anonymous_1)
FNDA:3,(anonymous_2)
DA:12,1
DA:17,6
DA:19,6
DA:25,6
DA:32,6
DA:33,6
DA:37,6
DA:44,3
LF:8
LH:8
BRF:0
BRH:0
end_of_record
TN:
SF:dia\app\modules\scenario\scenario-page\modules\plugin-configuration\modules\execution-code\sql-execution\modules\code-settings\modules\tables-and-columns-container\components\search-bar\search-bar.component.ts
FN:8,(anonymous_0)
FN:18,(anonymous_1)
FNF:2
FNH:2
FNDA:3,(anonymous_0)
FNDA:1,(anonymous_1)
DA:8,1
DA:10,3
DA:13,3
DA:16,3
DA:19,1
DA:20,1
LF:6
LH:6
BRF:0
BRH:0
end_of_record
TN:
SF:dia\app\modules\scenario\scenario-page\modules\plugin-configuration\modules\execution-code\sql-execution\modules\code-settings\modules\tables-and-columns-container\components\table-details\table-details.component.ts
FN:51,(anonymous_0)
FN:54,(anonymous_1)
FN:57,(anonymous_2)
FN:63,(anonymous_3)
FN:67,(anonymous_4)
FN:74,(anonymous_5)
FNF:6
FNH:5
FNDA:3,(anonymous_0)
FNDA:3,(anonymous_1)
FNDA:3,(anonymous_2)
FNDA:0,(anonymous_3)
FNDA:1,(anonymous_4)
FNDA:2,(anonymous_5)
DA:12,1
DA:18,3
DA:21,3
DA:24,3
DA:27,3
DA:29,3
DA:30,3
DA:36,3
DA:42,3
DA:51,3
DA:55,3
DA:57,3
DA:58,3
DA:64,0
DA:68,1
DA:69,1
DA:71,1
DA:75,2
LF:18
LH:17
BRDA:68,0,0,1
BRF:1
BRH:1
end_of_record
TN:
SF:dia\app\modules\scenario\scenario-page\modules\plugin-configuration\modules\execution-code\sql-execution\modules\code-settings\modules\tables-and-columns-container\services\searchbar\searchbar.service.ts
FN:7,(anonymous_0)
FN:14,(anonymous_1)
FN:20,(anonymous_2)
FN:26,(anonymous_3)
FNF:4
FNH:4
FNDA:4,(anonymous_0)
FNDA:6,(anonymous_1)
FNDA:4,(anonymous_2)
FNDA:6,(anonymous_3)
DA:6,1
DA:8,4
DA:9,4
DA:10,1
DA:13,3
DA:15,6
DA:21,4
DA:22,4
DA:23,1
DA:26,6
LF:10
LH:10
BRDA:9,0,0,1
BRDA:15,1,0,6
BRDA:15,1,1,5
BRDA:22,2,0,1
BRF:4
BRH:4
end_of_record
TN:
SF:dia\app\modules\scenario\scenario-page\modules\plugin-configuration\modules\execution-code\sql-execution\modules\data-transfer-settings\data-transfer-settings.component.ts
FN:14,(anonymous_0)
FN:19,(anonymous_1)
FN:22,(anonymous_2)
FN:27,(anonymous_3)
FN:37,(anonymous_4)
FNF:5
FNH:5
FNDA:3,(anonymous_0)
FNDA:4,(anonymous_1)
FNDA:4,(anonymous_2)
FNDA:1,(anonymous_3)
FNDA:1,(anonymous_4)
DA:11,1
DA:15,3
DA:16,3
DA:20,4
DA:23,4
DA:28,1
DA:38,1
LF:7
LH:7
BRF:0
BRH:0
end_of_record
TN:
SF:dia\app\modules\scenario\scenario-page\modules\plugin-configuration\modules\execution-code\sql-execution\modules\output-columns-container\output-columns-container.component.ts
FN:47,(anonymous_0)
FN:56,(anonymous_1)
FN:59,(anonymous_2)
FN:64,(anonymous_3)
FN:68,(anonymous_4)
FN:71,(anonymous_5)
FN:77,(anonymous_6)
FN:88,(anonymous_7)
FNF:8
FNH:8
FNDA:4,(anonymous_0)
FNDA:4,(anonymous_1)
FNDA:4,(anonymous_2)
FNDA:1,(anonymous_3)
FNDA:1,(anonymous_4)
FNDA:1,(anonymous_5)
FNDA:1,(anonymous_6)
FNDA:14,(anonymous_7)
DA:19,1
DA:20,4
DA:32,4
DA:48,4
DA:49,4
DA:50,4
DA:51,4
DA:52,4
DA:53,4
DA:57,4
DA:60,4
DA:65,1
DA:69,1
DA:73,1
DA:75,1
DA:78,1
DA:89,14
LF:17
LH:17
BRF:0
BRH:0
end_of_record
TN:
SF:dia\app\modules\scenario\scenario-page\modules\plugin-configuration\modules\execution-code\sql-execution\modules\output-columns-container\components\output-column\output-column.component.ts
FN:38,(anonymous_0)
FN:43,(anonymous_1)
FN:47,(anonymous_2)
FN:51,(anonymous_3)
FN:55,(anonymous_4)
FN:59,(anonymous_5)
FN:63,(anonymous_6)
FN:67,(anonymous_7)
FNF:8
FNH:8
FNDA:7,(anonymous_0)
FNDA:2,(anonymous_1)
FNDA:1,(anonymous_2)
FNDA:1,(anonymous_3)
FNDA:1,(anonymous_4)
FNDA:1,(anonymous_5)
FNDA:1,(anonymous_6)
FNDA:1,(anonymous_7)
DA:16,1
DA:23,7
DA:29,7
DA:35,7
DA:36,7
DA:39,7
DA:40,7
DA:44,2
DA:48,1
DA:52,1
DA:56,1
DA:60,1
DA:64,1
DA:68,1
LF:14
LH:14
BRF:0
BRH:0
end_of_record
TN:
SF:dia\app\modules\scenario\scenario-page\modules\plugin-configuration\modules\execution-code\sql-execution\modules\output-columns-container\services\sql-execution-column-type-convertor\sql-execution-column-type-convertor.service.ts
FN:10,(anonymous_0)
FN:15,(anonymous_1)
[...]
FN:23,(anonymous_0)
FN:37,(anonymous_1)
FN:75,(anonymous_2)
FN:81,(anonymous_3)
FN:88,(anonymous_4)
FN:92,(anonymous_5)
FN:95,(anonymous_6)
FN:98,(anonymous_7)
FNF:8
FNH:7
FNDA:6,(anonymous_0)
FNDA:1,(anonymous_1)
FNDA:12,(anonymous_2)
FNDA:2,(anonymous_3)
FNDA:1,(anonymous_4)
FNDA:3,(anonymous_5)
FNDA:3,(anonymous_6)
FNDA:0,(anonymous_7)
DA:22,1
DA:24,6
DA:38,1
DA:39,1
DA:40,1
DA:41,1
DA:42,1
DA:43,1
DA:44,1
DA:45,1
DA:46,1
DA:49,12
DA:51,12
DA:52,12
DA:56,12
DA:58,12
DA:65,12
DA:71,12
DA:73,12
DA:76,12
DA:77,12
DA:78,12
DA:82,2
DA:83,2
DA:84,1
DA:89,1
DA:93,3
DA:96,3
DA:99,0
LF:29
LH:28
BRDA:83,0,0,1
BRF:1
BRH:1
end_of_record
TN:
SF:dia\app\objects\design\systems-connection\presentaion\presentation\systems-connection-star\application\models\protocol-type.enum.ts
FN:1,(anonymous_0)
FNF:1
FNH:1
FNDA:1,(anonymous_0)
DA:1,1
DA:2,1
DA:3,1
LF:3
LH:3
BRDA:1,0,0,1
BRDA:1,0,1,1
BRF:2
BRH:2
end_of_record
TN:
SF:dia\app\objects\design\systems-connection\presentaion\presentation\systems-connection-star\application\models\protocol-type.helper.ts
FN:5,(anonymous_0)
FN:14,(anonymous_1)
FN:23,(anonymous_2)
FN:24,(anonymous_3)
FNF:4
FNH:4
FNDA:11,(anonymous_0)
FNDA:4,(anonymous_1)
FNDA:14,(anonymous_2)
FNDA:26,(anonymous_3)
DA:6,11
DA:8,9
DA:10,1
DA:15,4
DA:17,2
DA:19,1
DA:24,14
DA:25,26
DA:29,26
LF:9
LH:9
BRDA:6,0,0,9
BRDA:6,0,1,1
BRDA:15,1,0,2
BRDA:15,1,1,1
BRF:4
BRH:4
end_of_record
TN:
SF:dia\app\objects\design\systems-connection\presentaion\presentation\systems-connection-star\application\models\star-connection-type.enum.ts
FN:1,(anonymous_0)
FNF:1
FNH:1
FNDA:1,(anonymous_0)
DA:1,1
DA:2,1
DA:3,1
DA:4,1
DA:5,1
DA:6,1
DA:7,1
DA:8,1
DA:9,1
LF:9
LH:9
BRDA:1,0,0,1
BRDA:1,0,1,1
BRF:2
BRH:2
end_of_record
TN:
SF:dia\app\objects\design\systems-connection\presentaion\presentation\systems-connection-star\application\models\star-connection-type.helper.ts
FN:6,(anonymous_0)
FN:27,(anonymous_1)
FN:48,(anonymous_2)
FN:49,(anonymous_3)
FNF:4
FNH:4
FNDA:10,(anonymous_0)
FNDA:3,(anonymous_1)
FNDA:13,(anonymous_2)
FNDA:104,(anonymous_3)
DA:7,10
DA:9,1
DA:11,1
DA:13,0
DA:15,0
DA:17,0
DA:19,3
DA:21,0
DA:23,0
DA:28,3
DA:30,0
DA:32,0
DA:34,1
DA:36,0
DA:38,0
DA:40,1
DA:42,0
DA:44,0
DA:49,13
DA:50,104
DA:56,104
LF:21
LH:10
BRDA:7,0,0,1
BRDA:7,0,1,1
BRDA:7,0,2,0
BRDA:7,0,3,0
BRDA:7,0,4,0
BRDA:7,0,5,3
BRDA:7,0,6,0
BRDA:7,0,7,0
BRDA:28,1,0,0
BRDA:28,1,1,0
BRDA:28,1,2,1
BRDA:28,1,3,0
BRDA:28,1,4,0
BRDA:28,1,5,1
BRDA:28,1,6,0
BRDA:28,1,7,0
BRF:16
BRH:5
end_of_record
TN:
SF:dia\app\objects\design\systems-connection\presentaion\presentation\systems-connection-star\application\models\star-connection.model.ts
FN:13,(anonymous_0)
FNF:1
FNH:1
FNDA:7,(anonymous_0)
DA:7,7
DA:9,7
DA:14,7
DA:15,7
DA:16,7
DA:17,7
DA:18,7
DA:20,7
DA:22,7
DA:24,7
DA:25,7
DA:26,7
DA:27,7
LF:13
LH:13
BRDA:22,0,0,0
BRF:1
BRH:0
end_of_record
TN:
SF:dia\app\objects\design\systems-connection\presentaion\presentation\systems-connection-star\application\services\star-connection-package.ts
FN:6,(anonymous_0)
FN:11,(anonymous_1)
FNF:2
FNH:0
FNDA:0,(anonymous_0)
FNDA:0,(anonymous_1)
DA:7,0
DA:11,1
DA:12,0
LF:3
LH:1
BRF:0
BRH:0
end_of_record
TN:
SF:dia\app\objects\design\systems-connection\presentaion\presentation\systems-connection-star\application\services\system-connection-star-test-connection.service.ts
FN:10,(anonymous_0)
FN:11,(anonymous_1)
FNF:2
FNH:0
FNDA:0,(anonymous_0)
FNDA:0,(anonymous_1)
DA:8,1
DA:10,1
DA:11,0
DA:12,0
LF:4
LH:2
BRF:0
BRH:0
end_of_record
TN:
SF:dia\app\objects\design\variable-page\variable-page.component.ts
FN:33,(anonymous_0)
FN:42,(anonymous_1)
FN:46,(anonymous_2)
FN:50,(anonymous_3)
FN:54,(anonymous_4)
FN:58,(anonymous_5)
FN:60,(anonymous_6)
FN:70,(anonymous_7)
FN:79,(anonymous_8)
FN:85,(anonymous_9)
FN:90,(anonymous_10)
FN:100,(anonymous_11)
FN:103,(anonymous_12)
FN:104,(anonymous_13)
FN:111,(anonymous_14)
FN:112,(anonymous_15)
FNF:16
FNH:13
FNDA:7,(anonymous_0)
FNDA:7,(anonymous_1)
FNDA:1,(anonymous_2)
FNDA:1,(anonymous_3)
FNDA:1,(anonymous_4)
FNDA:0,(anonymous_5)
FNDA:1,(anonymous_6)
FNDA:0,(anonymous_7)
FNDA:1,(anonymous_8)
FNDA:1,(anonymous_9)
FNDA:1,(anonymous_10)
FNDA:0,(anonymous_11)
FNDA:8,(anonymous_12)
FNDA:8,(anonymous_13)
FNDA:9,(anonymous_14)
FNDA:1,(anonymous_15)
DA:18,1
DA:19,7
DA:20,7
DA:21,7
DA:22,7
DA:23,7
DA:25,7
DA:34,7
DA:35,7
DA:36,7
DA:37,7
DA:38,7
DA:39,7
DA:43,7
DA:47,1
DA:51,1
DA:55,1
DA:61,1
DA:70,1
DA:71,0
DA:75,0
DA:80,1
DA:85,1
DA:86,1
DA:91,1
DA:100,0
DA:104,8
DA:105,8
DA:106,8
DA:112,9
DA:113,1
DA:114,1
DA:115,1
LF:33
LH:30
BRDA:105,0,0,8
BRF:1
BRH:1
end_of_record
TN:
SF:dia\app\objects\design\variable-page\services\MRPC_Requests\variable-mrpc-requests.service.ts
FN:14,(anonymous_0)
FN:15,(anonymous_1)
FN:21,(anonymous_2)
FN:22,(anonymous_3)
FN:28,(anonymous_4)
FN:29,(anonymous_5)
FN:35,(anonymous_6)
FN:36,(anonymous_7)
FNF:8
FNH:0
FNDA:0,(anonymous_0)
FNDA:0,(anonymous_1)
FNDA:0,(anonymous_2)
FNDA:0,(anonymous_3)
FNDA:0,(anonymous_4)
FNDA:0,(anonymous_5)
FNDA:0,(anonymous_6)
FNDA:0,(anonymous_7)
DA:12,1
DA:14,1
DA:15,0
DA:16,0
DA:21,1
DA:22,0
DA:23,0
DA:28,1
DA:29,0
DA:30,0
DA:35,1
DA:36,0
DA:37,0
LF:13
LH:5
BRF:0
BRH:0
end_of_record
TN:
SF:dia\app\objects\design\variable-page\services\MRPC_Requests\object-engine-classes\VariableEngine.ts
FN:9,(anonymous_0)
FN:13,(anonymous_1)
FN:17,(anonymous_2)
FN:21,(anonymous_3)
FN:25,(anonymous_4)
FNF:5
FNH:0
FNDA:0,(anonymous_0)
FNDA:0,(anonymous_1)
FNDA:0,(anonymous_2)
FNDA:0,(anonymous_3)
FNDA:0,(anonymous_4)
DA:10,0
DA:14,0
DA:18,0
DA:22,0
DA:26,0
LF:5
LH:0
BRDA:13,0,0,0
BRDA:13,1,0,0
BRF:2
BRH:0
end_of_record
TN:
SF:dia\app\objects\list\column-function-list\ListColumnFunctionEngine.ts
FN:5,(anonymous_0)
FN:9,(anonymous_1)
FNF:2
FNH:0
FNDA:0,(anonymous_0)
FNDA:0,(anonymous_1)
DA:6,0
DA:10,0
LF:2
LH:0
BRF:0
BRH:0
end_of_record
TN:
SF:dia\app\objects\list\column-function-list\column-function-list.component.ts
FN:33,(anonymous_0)
FN:38,(anonymous_1)
FN:39,(anonymous_2)
FN:48,(anonymous_3)
FN:52,(anonymous_4)
FN:53,(anonymous_5)
FNF:6
FNH:5
FNDA:1,(anonymous_0)
FNDA:1,(anonymous_1)
FNDA:1,(anonymous_2)
FNDA:0,(anonymous_3)
FNDA:1,(anonymous_4)
FNDA:1,(anonymous_5)
DA:17,1
DA:18,1
DA:20,1
DA:24,1
DA:34,1
DA:35,1
DA:39,1
DA:40,1
DA:45,1
DA:49,0
DA:53,1
DA:54,1
DA:55,1
DA:56,1
DA:72,1
LF:15
LH:14
BRF:0
BRH:0
end_of_record
TN:
SF:dia\app\objects\list\column-function-list\services\get-table-configuration.service.ts
FN:10,(anonymous_0)
FN:15,(anonymous_1)
FNF:2
FNH:2
FNDA:2,(anonymous_0)
FNDA:2,(anonymous_1)
DA:9,1
DA:11,2
DA:12,2
DA:16,2
LF:4
LH:4
BRF:0
BRH:0
end_of_record
TN:
SF:dia\app\objects\list\column-function-list\services\list-column-function-mrpc-requests.service.ts
FN:8,(anonymous_0)
FN:9,(anonymous_1)
FNF:2
FNH:0
FNDA:0,(anonymous_0)
FNDA:0,(anonymous_1)
DA:7,1
DA:9,0
DA:10,0
LF:3
LH:1
BRF:0
BRH:0
end_of_record
TN:
SF:dia\app\objects\list\process-list\process-list.component.ts
FN:110,(anonymous_0)
FN:121,(anonymous_1)
FN:127,(anonymous_2)
FN:130,(anonymous_3)
FN:135,(anonymous_4)
FN:144,(anonymous_5)
FN:150,(anonymous_6)
FN:154,(anonymous_7)
FN:156,(anonymous_8)
FN:179,(anonymous_9)
FN:187,(anonymous_10)
FN:188,(anonymous_11)
FN:194,(anonymous_12)
FN:195,(anonymous_13)
FN:198,(anonymous_14)
FN:202,(anonymous_15)
FN:206,(anonymous_16)
FN:207,(anonymous_17)
FN:220,(anonymous_18)
FN:224,(anonymous_19)
FN:228,(anonymous_20)
FN:232,(anonymous_21)
FN:236,(anonymous_22)
FN:237,(anonymous_23)
FN:245,(anonymous_24)
FN:249,(anonymous_25)
FN:251,(anonymous_26)
FN:258,(anonymous_27)
FN:264,(anonymous_28)
FN:265,(anonymous_29)
FN:273,(anonymous_30)
FN:277,(anonymous_31)
FN:279,(anonymous_32)
FN:299,(anonymous_33)
FNF:34
FNH:17
FNDA:10,(anonymous_0)
FNDA:4,(anonymous_1)
FNDA:4,(anonymous_2)
FNDA:4,(anonymous_3)
FNDA:1,(anonymous_4)
FNDA:1,(anonymous_5)
FNDA:1,(anonymous_6)
FNDA:3,(anonymous_7)
FNDA:9,(anonymous_8)
FNDA:1,(anonymous_9)
FNDA:1,(anonymous_10)
FNDA:1,(anonymous_11)
FNDA:1,(anonymous_12)
FNDA:1,(anonymous_13)
FNDA:0,(anonymous_14)
FNDA:0,(anonymous_15)
FNDA:0,(anonymous_16)
FNDA:0,(anonymous_17)
FNDA:0,(anonymous_18)
FNDA:0,(anonymous_19)
FNDA:0,(anonymous_20)
FNDA:0,(anonymous_21)
FNDA:4,(anonymous_22)
FNDA:8,(anonymous_23)
FNDA:0,(anonymous_24)
FNDA:0,(anonymous_25)
FNDA:0,(anonymous_26)
FNDA:0,(anonymous_27)
FNDA:0,(anonymous_28)
FNDA:0,(anonymous_29)
FNDA:16,(anonymous_30)
FNDA:0,(anonymous_31)
FNDA:0,(anonymous_32)
FNDA:0,(anonymous_33)
DA:49,1
DA:50,10
DA:51,10
DA:52,10
DA:54,10
DA:55,10
DA:66,10
DA:75,10
DA:84,10
DA:88,10
DA:89,10
DA:91,10
DA:94,10
DA:98,10
DA:101,10
DA:102,10
DA:111,10
DA:112,10
DA:113,10
DA:114,10
DA:115,10
DA:116,10
DA:117,10
DA:122,4
DA:128,4
DA:130,4
DA:131,4
DA:136,1
DA:137,1
DA:138,1
DA:139,1
DA:145,1
DA:151,1
DA:155,3
DA:156,9
DA:159,3
DA:161,1
DA:162,1
DA:165,1
DA:168,1
DA:169,1
DA:172,1
DA:175,1
DA:176,1
DA:179,1
DA:180,1
DA:181,1
DA:182,1
DA:188,1
DA:189,1
DA:195,1
DA:196,1
DA:198,0
DA:203,0
DA:207,0
DA:208,0
DA:217,0
DA:221,0
DA:225,0
DA:229,0
DA:233,0
DA:237,4
DA:238,8
DA:246,0
DA:250,0
DA:252,0
DA:258,0
DA:259,0
DA:261,0
DA:265,0
DA:266,0
DA:270,0
DA:274,16
DA:278,0
DA:279,0
DA:280,0
DA:281,0
DA:289,0
DA:292,0
DA:295,0
DA:300,0
DA:303,0
LF:82
LH:55
BRDA:137,0,0,1
BRDA:137,1,0,1
BRDA:137,1,1,1
BRDA:159,2,0,1
BRDA:159,2,1,1
BRDA:159,2,2,1
BRDA:196,3,0,1
BRDA:196,3,1,0
BRDA:280,4,0,0
BRDA:280,4,1,0
BRF:10
BRH:7
end_of_record
TN:
SF:dia\app\objects\list\process-list\components\process-execution-status\process-execution-status.component.ts
FN:9,(anonymous_0)
FN:13,(anonymous_1)
FNF:2
FNH:2
FNDA:3,(anonymous_0)
FNDA:1,(anonymous_1)
DA:9,1
DA:11,3
DA:14,1
LF:3
LH:3
BRF:0
BRH:0
end_of_record
TN:
SF:dia\app\objects\list\process-list\services\change-execution-status-table-configuration-provider.service.ts
FN:15,(anonymous_0)
FN:20,(anonymous_1)
FNF:2
FNH:2
FNDA:2,(anonymous_0)
FNDA:1,(anonymous_1)
DA:14,1
DA:16,2
DA:17,2
DA:21,1
DA:85,1
LF:5
LH:5
BRF:0
BRH:0
end_of_record
TN:
SF:dia\app\objects\list\process-list\services\min-execution-date-time-calculator.service.ts
FN:12,(anonymous_0)
FN:13,(anonymous_1)
FN:15,(anonymous_2)
FN:31,(anonymous_3)
FNF:4
FNH:4
FNDA:2,(anonymous_0)
FNDA:5,(anonymous_1)
FNDA:4,(anonymous_2)
FNDA:4,(anonymous_3)
DA:11,1
DA:13,5
DA:14,2
DA:16,4
DA:17,4
DA:18,4
DA:19,1
DA:21,4
DA:24,2
DA:25,2
DA:26,2
DA:28,2
DA:32,4
LF:13
LH:13
BRDA:18,0,0,1
BRF:1
BRH:1
end_of_record
TN:
SF:dia\app\objects\list\process-list\services\process-list-table-configuration-provider.service.ts
FN:16,(anonymous_0)
FN:21,(anonymous_1)
FNF:2
FNH:2
FNDA:2,(anonymous_0)
FNDA:1,(anonymous_1)
DA:15,1
DA:17,2
DA:18,2
DA:22,1
DA:254,1
LF:5
LH:5
BRF:0
BRH:0
end_of_record
TN:
SF:dia\app\objects\list\process-list\services\process-list-table-data-constructor.service.ts
FN:11,(anonymous_0)
FN:13,(anonymous_1)
FN:15,(anonymous_2)
FNF:3
FNH:3
FNDA:3,(anonymous_0)
FNDA:2,(anonymous_1)
FNDA:2,(anonymous_2)
DA:10,1
DA:11,3
DA:14,2
DA:16,2
DA:20,2
DA:25,2
DA:43,2
LF:7
LH:7
BRF:0
BRH:0
end_of_record
TN:
SF:dia\app\objects\list\shared\new-object-button\new-object-button.component.ts
FN:25,(anonymous_0)
FN:27,(anonymous_1)
FNF:2
FNH:2
FNDA:1,(anonymous_0)
FNDA:1,(anonymous_1)
DA:11,1
DA:15,1
DA:25,1
DA:28,1
LF:4
LH:4
BRF:0
BRH:0
end_of_record
TN:
SF:dia\app\objects\list\systems-connection-list\systems-connection-list-object-framework.service.ts
FN:38,(anonymous_0)
FN:54,(anonymous_1)
FN:60,(anonymous_2)
FNF:3
FNH:1
FNDA:1,(anonymous_0)
FNDA:0,(anonymous_1)
FNDA:0,(anonymous_2)
DA:9,1
DA:10,1
DA:39,1
DA:40,1
DA:42,1
DA:48,1
DA:55,0
DA:56,0
DA:57,0
DA:61,0
LF:10
LH:6
BRF:0
BRH:0
end_of_record
TN:
SF:dia\app\objects\list\systems-connection-list\systems-connection-list.component.ts
FN:46,(anonymous_0)
FN:52,(anonymous_1)
FN:53,(anonymous_2)
FN:59,(anonymous_3)
FN:63,(anonymous_4)
FN:67,(anonymous_5)
FNF:6
FNH:2
FNDA:1,(anonymous_0)
FNDA:0,(anonymous_1)
FNDA:0,(anonymous_2)
FNDA:0,(anonymous_3)
FNDA:0,(anonymous_4)
FNDA:1,(anonymous_5)
DA:24,1
DA:28,1
DA:31,1
DA:47,1
DA:48,1
DA:49,1
DA:53,0
DA:54,0
DA:55,0
DA:60,0
DA:64,0
DA:68,1
DA:70,1
LF:13
LH:8
BRDA:54,0,0,0
BRF:1
BRH:0
end_of_record
TN:
SF:dia\app\objects\list\systems-connection-list\application\system-type-handler.service.ts
FN:5,(anonymous_0)
FN:15,(anonymous_1)
FNF:2
FNH:2
FNDA:2,(anonymous_0)
FNDA:5,(anonymous_1)
DA:5,1
DA:6,2
DA:16,5
LF:3
LH:3
BRF:0
BRH:0
end_of_record
TN:
SF:dia\app\objects\list\variable-list\variable-list.component.ts
FN:38,(anonymous_0)
FN:46,(anonymous_1)
FN:47,(anonymous_2)
FN:52,(anonymous_3)
FN:56,(anonymous_4)
FN:57,(anonymous_5)
FN:59,(anonymous_6)
FN:65,(anonymous_7)
FN:74,(anonymous_8)
FN:80,(anonymous_9)
FNF:10
FNH:7
FNDA:3,(anonymous_0)
FNDA:1,(anonymous_1)
FNDA:1,(anonymous_2)
FNDA:1,(anonymous_3)
FNDA:1,(anonymous_4)
FNDA:1,(anonymous_5)
FNDA:1,(anonymous_6)
FNDA:0,(anonymous_7)
FNDA:0,(anonymous_8)
FNDA:0,(anonymous_9)
DA:22,1
DA:23,3
DA:24,3
DA:25,3
DA:29,3
DA:39,3
DA:40,3
DA:41,3
DA:42,3
DA:43,3
DA:47,1
DA:48,1
DA:53,1
DA:57,1
DA:58,1
DA:59,1
DA:60,1
DA:61,1
DA:66,0
DA:67,0
DA:68,0
DA:69,0
DA:75,0
DA:81,0
DA:82,0
DA:83,0
LF:26
LH:18
BRDA:67,0,0,0
BRDA:67,1,0,0
BRDA:67,1,1,0
BRDA:81,2,0,0
BRF:4
BRH:0
end_of_record
TN:
SF:dia\app\objects\list\variable-list\services\get-table-configuration.service.ts
FN:13,(anonymous_0)
FN:18,(anonymous_1)
FNF:2
FNH:0
FNDA:0,(anonymous_0)
FNDA:0,(anonymous_1)
DA:12,1
DA:14,0
DA:15,0
DA:19,0
LF:4
LH:1
BRF:0
BRH:0
end_of_record
TN:
SF:dia\app\objects\list\variable-list\services\variable-list-table-data-constructor.service.ts
FN:10,(anonymous_0)
FN:12,(anonymous_1)
FNF:2
FNH:2
FNDA:3,(anonymous_0)
FNDA:3,(anonymous_1)
DA:9,1
DA:11,3
DA:13,3
DA:17,3
DA:22,3
DA:40,3
LF:6
LH:6
BRF:0
BRH:0
end_of_record
TN:
SF:dia\app\reports\dia-reports.component.ts
FNF:0
FNH:0
DA:8,1
LF:1
LH:1
BRF:0
BRH:0
end_of_record
TN:
SF:dia\app\reports\process-reports\process-reports.component.ts
FN:39,(anonymous_0)
FN:49,(anonymous_1)
FN:50,(anonymous_2)
FN:56,(anonymous_3)
FN:58,(anonymous_4)
FN:71,(anonymous_5)
FN:74,(anonymous_6)
FN:77,(anonymous_7)
FN:87,(anonymous_8)
FN:88,(anonymous_9)
FN:94,(anonymous_10)
FN:104,(anonymous_11)
FN:108,(anonymous_12)
FN:110,(anonymous_13)
FNF:14
FNH:2
FNDA:1,(anonymous_0)
FNDA:1,(anonymous_1)
FNDA:0,(anonymous_2)
FNDA:0,(anonymous_3)
FNDA:0,(anonymous_4)
FNDA:0,(anonymous_5)
FNDA:0,(anonymous_6)
FNDA:0,(anonymous_7)
FNDA:0,(anonymous_8)
FNDA:0,(anonymous_9)
FNDA:0,(anonymous_10)
FNDA:0,(anonymous_11)
FNDA:0,(anonymous_12)
FNDA:0,(anonymous_13)
DA:30,1
DA:31,1
DA:32,1
DA:34,1
DA:35,1
DA:36,1
DA:37,1
DA:40,1
DA:41,1
DA:42,1
DA:43,1
DA:44,1
DA:45,1
DA:50,1
DA:51,0
DA:52,0
DA:57,0
DA:59,0
DA:63,0
DA:65,0
DA:66,0
DA:67,0
DA:69,0
DA:71,0
DA:72,0
DA:74,0
DA:75,0
DA:77,0
DA:78,0
DA:83,0
DA:88,0
DA:89,0
DA:92,0
DA:94,0
DA:95,0
DA:100,0
DA:105,0
DA:109,0
DA:110,0
DA:111,0
LF:40
LH:14
BRDA:63,0,0,0
BRDA:63,0,1,0
BRDA:63,0,2,0
BRDA:63,0,3,0
BRDA:92,1,0,0
BRF:5
BRH:0
end_of_record
TN:
SF:dia\app\reports\process-reports\process-scheduling-api.ts
FN:5,(anonymous_0)
FN:9,(anonymous_1)
FN:13,(anonymous_2)
FNF:3
FNH:1
FNDA:1,(anonymous_0)
FNDA:0,(anonymous_1)
FNDA:0,(anonymous_2)
DA:6,1
DA:10,0
DA:14,0
LF:3
LH:1
BRF:0
BRH:0
end_of_record
TN:
SF:dia\app\reports\process-reports\modules\next-time-apply-change-warning\next-time-apply-change-warning.component.ts
FN:10,(anonymous_0)
FNF:1
FNH:1
FNDA:1,(anonymous_0)
DA:10,1
DA:11,1
LF:2
LH:2
BRF:0
BRH:0
end_of_record
TN:
SF:dia\app\reports\process-reports\services\process-iteration-table-row-generator.service.ts
FN:8,(anonymous_0)
FN:9,(anonymous_1)
FNF:2
FNH:2
FNDA:1,(anonymous_0)
FNDA:2,(anonymous_1)
DA:7,1
DA:9,1
DA:10,2
DA:11,2
DA:12,2
DA:31,1
LF:6
LH:6
BRDA:25,0,0,1
BRDA:25,0,1,1
BRF:2
BRH:2
end_of_record
TN:
SF:dia\app\reports\process-reports\services\process-reports-iterations-table-configuration-provider.service.ts
FN:13,(anonymous_0)
FN:18,(anonymous_1)
FNF:2
FNH:2
FNDA:3,(anonymous_0)
FNDA:2,(anonymous_1)
DA:12,1
DA:14,3
DA:15,3
DA:19,2
DA:154,2
LF:5
LH:5
BRF:0
BRH:0
end_of_record
TN:
SF:dia\app\reports\process-reports\services\process-reports-mrpc-requests.service.ts
FN:8,(anonymous_0)
FN:9,(anonymous_1)
FN:14,(anonymous_2)
FN:15,(anonymous_3)
FNF:4
FNH:1
FNDA:1,(anonymous_0)
FNDA:0,(anonymous_1)
FNDA:0,(anonymous_2)
FNDA:0,(anonymous_3)
DA:7,1
DA:9,1
DA:10,0
DA:15,0
DA:16,0
LF:5
LH:2
BRF:0
BRH:0
end_of_record
TN:
SF:dia\app\reports\process-reports\services\process-reports-table-configuration-provider.service.ts
FN:17,(anonymous_0)
FN:23,(anonymous_1)
FNF:2
FNH:2
FNDA:3,(anonymous_0)
FNDA:2,(anonymous_1)
DA:16,1
DA:18,3
DA:19,3
DA:24,2
DA:211,2
LF:5
LH:5
BRF:0
BRH:0
end_of_record
TN:
SF:dia\app\reports\process-reports\services\process-table-row-generator.service.ts
FN:10,(anonymous_0)
FN:12,(anonymous_1)
FN:13,(anonymous_2)
FNF:3
FNH:3
FNDA:3,(anonymous_0)
FNDA:1,(anonymous_1)
FNDA:2,(anonymous_2)
DA:9,1
DA:10,3
DA:13,1
DA:14,2
DA:15,2
DA:16,2
DA:48,1
LF:7
LH:7
BRDA:42,0,0,1
BRDA:42,0,1,1
BRF:2
BRH:2
end_of_record
TN:
SF:dia\app\settings\dia-settings.component.ts
FNF:0
FNH:0
DA:8,1
LF:1
LH:1
BRF:0
BRH:0
end_of_record
TN:
SF:dia\app\settings\objects-metadata-settings\objects-metadata-settings.component.ts
FNF:0
FNH:0
DA:15,1
LF:1
LH:1
BRF:0
BRH:0
end_of_record
TN:
SF:dia\app\settings\objects-metadata-settings\models\dia-metadata-package.ts
FN:8,(anonymous_0)
FN:12,(anonymous_1)
FN:16,(anonymous_2)
FN:20,(anonymous_3)
FN:24,(anonymous_4)
FN:28,(anonymous_5)
FN:32,(anonymous_6)
FN:36,(anonymous_7)
FN:40,(anonymous_8)
FNF:9
FNH:0
FNDA:0,(anonymous_0)
FNDA:0,(anonymous_1)
FNDA:0,(anonymous_2)
FNDA:0,(anonymous_3)
FNDA:0,(anonymous_4)
FNDA:0,(anonymous_5)
FNDA:0,(anonymous_6)
FNDA:0,(anonymous_7)
FNDA:0,(anonymous_8)
DA:9,0
DA:13,0
DA:17,0
DA:21,0
DA:25,0
DA:29,0
DA:33,0
DA:37,0
DA:41,0
LF:9
LH:0
BRF:0
BRH:0
end_of_record
TN:
SF:dia\app\shared-services\base-column-type\base-column-type.service.ts
FN:7,(anonymous_0)
FN:9,(anonymous_1)
FNF:2
FNH:2
FNDA:24,(anonymous_0)
FNDA:24,(anonymous_1)
DA:6,1
DA:7,24
DA:10,24
DA:12,24
LF:4
LH:4
BRF:0
BRH:0
end_of_record
TN:
SF:dia\app\shared-services\base-column-type\models\base-column-type.model.ts
FN:1,(anonymous_0)
FNF:1
FNH:1
FNDA:1,(anonymous_0)
DA:1,1
DA:2,1
DA:3,1
DA:4,1
DA:5,1
DA:6,1
DA:7,1
DA:8,1
DA:9,1
DA:10,1
DA:11,1
DA:12,1
DA:13,1
LF:13
LH:13
BRDA:1,0,0,1
BRDA:1,0,1,1
BRF:2
BRH:2
end_of_record
TN:
SF:dia\app\shared-services\check-dia-scope-service\check-dia-scope.service.ts
FN:6,(anonymous_0)
FN:9,(anonymous_1)
FN:13,(anonymous_2)
FNF:3
FNH:3
FNDA:28,(anonymous_0)
FNDA:5,(anonymous_1)
FNDA:28,(anonymous_2)
DA:6,1
DA:7,28
DA:10,5
DA:14,28
LF:4
LH:4
BRF:0
BRH:0
end_of_record
TN:
SF:dia\app\shared-services\pb-base-data-type\pb-base-data-type.service.ts
FN:7,(anonymous_0)
FNF:1
FNH:1
FNDA:9,(anonymous_0)
DA:5,1
DA:8,9
DA:10,1
DA:12,1
DA:14,1
DA:16,1
DA:18,1
DA:20,1
DA:22,1
DA:24,1
DA:26,1
LF:11
LH:11
BRDA:8,0,0,1
BRDA:8,0,1,1
BRDA:8,0,2,1
BRDA:8,0,3,1
BRDA:8,0,4,1
BRDA:8,0,5,1
BRDA:8,0,6,1
BRDA:8,0,7,1
BRDA:8,0,8,1
BRF:9
BRH:9
end_of_record
TN:
SF:dia\app\shared-services\pb-base-data-type\models\pb-base-data-type.enum.ts
FN:1,(anonymous_0)
FNF:1
FNH:1
FNDA:1,(anonymous_0)
DA:1,1
DA:2,1
DA:3,1
DA:4,1
DA:5,1
DA:6,1
DA:7,1
DA:8,1
DA:9,1
LF:9
LH:9
BRDA:1,0,0,1
BRDA:1,0,1,1
BRF:2
BRH:2
end_of_record
TN:
SF:dia\app\shared-services\processors-mrpc-requests\processors-mrpc-requests.service.ts
FN:12,(anonymous_0)
FN:13,(anonymous_1)
FN:18,(anonymous_2)
FN:23,(anonymous_3)
FN:28,(anonymous_4)
FN:29,(anonymous_5)
FN:34,(anonymous_6)
FN:39,(anonymous_7)
FNF:8
FNH:0
FNDA:0,(anonymous_0)
FNDA:0,(anonymous_1)
FNDA:0,(anonymous_2)
FNDA:0,(anonymous_3)
FNDA:0,(anonymous_4)
FNDA:0,(anonymous_5)
FNDA:0,(anonymous_6)
FNDA:0,(anonymous_7)
DA:10,1
DA:12,1
DA:13,0
DA:14,0
DA:23,0
DA:24,0
DA:29,0
DA:30,0
DA:39,0
DA:40,0
LF:10
LH:2
BRF:0
BRH:0
end_of_record
TN:
SF:dia\app\shared-services\processors-mrpc-requests\object-engine-classes\ProcessorsEngine.ts
FN:6,(anonymous_0)
FN:10,(anonymous_1)
FN:14,(anonymous_2)
FN:22,(anonymous_3)
FN:26,(anonymous_4)
FNF:5
FNH:0
FNDA:0,(anonymous_0)
FNDA:0,(anonymous_1)
FNDA:0,(anonymous_2)
FNDA:0,(anonymous_3)
FNDA:0,(anonymous_4)
DA:7,0
DA:11,0
DA:19,0
DA:23,0
DA:31,0
LF:5
LH:0
BRF:0
BRH:0
end_of_record
